<?xml version="1.0" encoding="utf-8"?><testsuites name="pytest tests"><testsuite name="pytest" errors="0" failures="0" skipped="0" tests="271" time="1.553" timestamp="2026-09-08T17:35:36.126450+00:00" hostname="localhost"><testcase classname="tests.test_audit" name="test_positive_fresh_evidence_passes" time="0.024" /><testcase classname="tests.test_audit" name="test_ties_are_not_evidence_of_positive_gain" time="0.002" /><testcase classname="tests.test_audit" name="test_losses_do_not_pass" time="0.001" /><testcase classname="tests.test_audit" name="test_proposal_episode_is_not_an_audit_case" time="0.000" /><testcase classname="tests.test_audit" name="test_duplicate_audit_case_rejected" time="0.000" /><testcase classname="tests.test_audit" name="test_changed_system_invalidates_comparison[scope-value0]" time="0.000" /><testcase classname="tests.test_audit" name="test_changed_system_invalidates_comparison[candidate_hash-candidate-v2]" time="0.001" /><testcase classname="tests.test_audit" name="test_changed_system_invalidates_comparison[baseline_hash-baseline-v2]" time="0.000" /><testcase classname="tests.test_audit" name="test_invalidated_audit_cannot_keep_admission" time="0.001" /><testcase classname="tests.test_audit" name="test_rational_reference_rejects_float_rewards" time="0.000" /><testcase classname="tests.test_audit" name="test_global_failure_allocation_has_bounded_partial_sum" time="0.001" /><testcase classname="tests.test_audit" name="test_exhaustive_fair_coin_null_optional_stopping_small_horizon" time="0.244" /><testcase classname="tests.test_audit" name="test_hoeffding_zero_samples" time="0.000" /><testcase classname="tests.test_audit" name="test_stale_incumbent_cannot_be_promoted_against" time="0.001" /><testcase classname="tests.test_core" name="test_truth_never_eliminated_and_certificates_correct[2]" time="0.002" /><testcase classname="tests.test_core" name="test_truth_never_eliminated_and_certificates_correct[3]" time="0.004" /><testcase classname="tests.test_core" name="test_truth_never_eliminated_and_certificates_correct[5]" time="0.043" /><testcase classname="tests.test_core" name="test_truth_never_eliminated_and_certificates_correct[7]" time="0.219" /><testcase classname="tests.test_core" name="test_full_replay_has_identical_actions[0]" time="0.014" /><testcase classname="tests.test_core" name="test_full_replay_has_identical_actions[1]" time="0.019" /><testcase classname="tests.test_core" name="test_full_replay_has_identical_actions[2]" time="0.019" /><testcase classname="tests.test_core" name="test_full_replay_has_identical_actions[3]" time="0.019" /><testcase classname="tests.test_core" name="test_full_replay_has_identical_actions[4]" time="0.016" /><testcase classname="tests.test_core" name="test_full_replay_has_identical_actions[5]" time="0.015" /><testcase classname="tests.test_core" name="test_full_replay_has_identical_actions[6]" time="0.020" /><testcase classname="tests.test_core" name="test_full_replay_has_identical_actions[7]" time="0.018" /><testcase classname="tests.test_core" name="test_two_successes_identify_affine_map_and_transfer" time="0.001" /><testcase classname="tests.test_core" name="test_other_scope_update_is_exactly_noninterfering" time="0.001" /><testcase classname="tests.test_core" name="test_empty_class_is_quarantined_not_vacuously_certified" time="0.000" /><testcase classname="tests.test_core" name="test_duplicate_episode_rejected" time="0.000" /><testcase classname="tests.test_core" name="test_hidden_shift_can_break_certificate_before_detection" time="0.000" /><testcase classname="tests.test_core" name="test_public_new_version_does_not_reuse_old_certificate" time="0.001" /><testcase classname="tests.test_core" name="test_misspecification_can_pass_observations_then_fail" time="0.000" /><testcase classname="tests.test_core" name="test_revoke_scope_fails_closed" time="0.000" /><testcase classname="tests.test_core" name="test_witness_subset_reconstructs_full_history_and_size_bound[0]" time="0.018" /><testcase classname="tests.test_core" name="test_witness_subset_reconstructs_full_history_and_size_bound[1]" time="0.012" /><testcase classname="tests.test_core" name="test_witness_subset_reconstructs_full_history_and_size_bound[2]" time="0.013" /><testcase classname="tests.test_core" name="test_witness_subset_reconstructs_full_history_and_size_bound[3]" time="0.010" /><testcase classname="tests.test_core" name="test_witness_subset_reconstructs_full_history_and_size_bound[4]" time="0.010" /><testcase classname="tests.test_core" name="test_witness_subset_reconstructs_full_history_and_size_bound[5]" time="0.016" /><testcase classname="tests.test_core" name="test_witness_subset_reconstructs_full_history_and_size_bound[6]" time="0.012" /><testcase classname="tests.test_core" name="test_witness_subset_reconstructs_full_history_and_size_bound[7]" time="0.009" /><testcase classname="tests.test_core" name="test_witness_compression_also_reconstructs_contradiction" time="0.000" /><testcase classname="tests.test_core" name="test_large_window_replay_matches_full" time="0.002" /><testcase classname="tests.test_ledger_and_dsl" name="test_dsl_rejects_nonlanguage_programs[payload0]" time="0.000" /><testcase classname="tests.test_ledger_and_dsl" name="test_dsl_rejects_nonlanguage_programs[payload1]" time="0.001" /><testcase classname="tests.test_ledger_and_dsl" name="test_dsl_rejects_nonlanguage_programs[payload2]" time="0.000" /><testcase classname="tests.test_ledger_and_dsl" name="test_dsl_rejects_nonlanguage_programs[payload3]" time="0.000" /><testcase classname="tests.test_ledger_and_dsl" name="test_dsl_rejects_nonlanguage_programs[payload4]" time="0.000" /><testcase classname="tests.test_ledger_and_dsl" name="test_dsl_roundtrip" time="0.000" /><testcase classname="tests.test_ledger_and_dsl" name="test_evidence_roundtrip_rebuilds_learner" time="0.003" /><testcase classname="tests.test_ledger_and_dsl" name="test_log_detects_partial_tampering" time="0.002" /><testcase classname="tests.test_ledger_and_dsl" name="test_wrong_trusted_head_rejected" time="0.001" /><testcase classname="tests.test_ledger_and_dsl" name="test_no_untrusted_string_feedback" time="0.000" /><testcase classname="tests.test_llm_client" name="test_bad_outputs_are_invalid_without_retry[no]" time="0.001" /><testcase classname="tests.test_llm_client" name="test_bad_outputs_are_invalid_without_retry[{&quot;action&quot;:true}]" time="0.000" /><testcase classname="tests.test_llm_client" name="test_bad_outputs_are_invalid_without_retry[{&quot;action&quot;:7}]" time="0.000" /><testcase classname="tests.test_llm_client" name="test_bad_outputs_are_invalid_without_retry[{&quot;action&quot;:1,&quot;run&quot;:&quot;rm&quot;}]" time="0.000" /><testcase classname="tests.test_llm_client" name="test_bad_outputs_are_invalid_without_retry[```json\n{&quot;action&quot;:1}\n```]" time="0.000" /><testcase classname="tests.test_llm_client" name="test_bad_outputs_are_invalid_without_retry[{&quot;action&quot;:1.0}]" time="0.000" /><testcase classname="tests.test_llm_client" name="test_bad_outputs_are_invalid_without_retry[{&quot;action&quot;:-1}]" time="0.000" /><testcase classname="tests.test_llm_client" name="test_good_output" time="0.000" /><testcase classname="tests.test_llm_client" name="test_remote_needs_explicit_permission" time="0.001" /><testcase classname="tests.test_llm_client" name="test_mock_client_records_usage_and_fixed_model" time="0.012" /><testcase classname="tests.test_llm_client" name="test_missing_usage_is_unknown_not_zero" time="0.009" /><testcase classname="tests.test_online_ridge" name="test_online_updates_equal_regularized_batch_solution" time="0.005" /><testcase classname="tests.test_online_ridge" name="test_distinct_online_modules_do_not_interfere" time="0.001" /><testcase classname="tests.test_online_ridge" name="test_binary_failure_does_not_invent_a_label" time="0.000" /><testcase classname="tests.test_v2" name="test_growth_must_replay_previously_discarded_evidence" time="0.000" /><testcase classname="tests.test_v2" name="test_growth_transactional_and_replays_exactly" time="0.000" /><testcase classname="tests.test_v2" name="test_witness_growth_randomized[0]" time="0.001" /><testcase classname="tests.test_v2" name="test_witness_growth_randomized[1]" time="0.001" /><testcase classname="tests.test_v2" name="test_witness_growth_randomized[2]" time="0.001" /><testcase classname="tests.test_v2" name="test_witness_growth_randomized[3]" time="0.001" /><testcase classname="tests.test_v2" name="test_witness_growth_randomized[4]" time="0.001" /><testcase classname="tests.test_v2" name="test_recurring_archive_is_not_overwritten" time="0.003" /><testcase classname="tests.test_v2" name="test_growth_repairs_misspecification" time="0.000" /><testcase classname="tests.test_v2" name="test_screened_matches_zero_padded_eprocess_exactly" time="0.004" /><testcase classname="tests.test_v2" name="test_screened_rejects_counterfactual_and_changed_guard" time="0.000" /><testcase classname="tests.test_v2" name="test_randomized_centered_estimator_exact_unbiasedness[r10-r00-e0]" time="0.001" /><testcase classname="tests.test_v2" name="test_randomized_centered_estimator_exact_unbiasedness[r10-r00-e1]" time="0.001" /><testcase classname="tests.test_v2" name="test_randomized_centered_estimator_exact_unbiasedness[r10-r00-e2]" time="0.000" /><testcase classname="tests.test_v2" name="test_randomized_centered_estimator_exact_unbiasedness[r10-r01-e0]" time="0.000" /><testcase classname="tests.test_v2" name="test_randomized_centered_estimator_exact_unbiasedness[r10-r01-e1]" time="0.001" /><testcase classname="tests.test_v2" name="test_randomized_centered_estimator_exact_unbiasedness[r10-r01-e2]" time="0.000" /><testcase classname="tests.test_v2" name="test_randomized_centered_estimator_exact_unbiasedness[r10-r02-e0]" time="0.000" /><testcase classname="tests.test_v2" name="test_randomized_centered_estimator_exact_unbiasedness[r10-r02-e1]" time="0.001" /><testcase classname="tests.test_v2" name="test_randomized_centered_estimator_exact_unbiasedness[r10-r02-e2]" time="0.001" /><testcase classname="tests.test_v2" name="test_randomized_centered_estimator_exact_unbiasedness[r11-r00-e0]" time="0.001" /><testcase classname="tests.test_v2" name="test_randomized_centered_estimator_exact_unbiasedness[r11-r00-e1]" time="0.001" /><testcase classname="tests.test_v2" name="test_randomized_centered_estimator_exact_unbiasedness[r11-r00-e2]" time="0.000" /><testcase classname="tests.test_v2" name="test_randomized_centered_estimator_exact_unbiasedness[r11-r01-e0]" time="0.000" /><testcase classname="tests.test_v2" name="test_randomized_centered_estimator_exact_unbiasedness[r11-r01-e1]" time="0.001" /><testcase classname="tests.test_v2" name="test_randomized_centered_estimator_exact_unbiasedness[r11-r01-e2]" time="0.001" /><testcase classname="tests.test_v2" name="test_randomized_centered_estimator_exact_unbiasedness[r11-r02-e0]" time="0.001" /><testcase classname="tests.test_v2" name="test_randomized_centered_estimator_exact_unbiasedness[r11-r02-e1]" time="0.000" /><testcase classname="tests.test_v2" name="test_randomized_centered_estimator_exact_unbiasedness[r11-r02-e2]" time="0.000" /><testcase classname="tests.test_v2" name="test_randomized_centered_estimator_exact_unbiasedness[r12-r00-e0]" time="0.001" /><testcase classname="tests.test_v2" name="test_randomized_centered_estimator_exact_unbiasedness[r12-r00-e1]" time="0.000" /><testcase classname="tests.test_v2" name="test_randomized_centered_estimator_exact_unbiasedness[r12-r00-e2]" time="0.001" /><testcase classname="tests.test_v2" name="test_randomized_centered_estimator_exact_unbiasedness[r12-r01-e0]" time="0.000" /><testcase classname="tests.test_v2" name="test_randomized_centered_estimator_exact_unbiasedness[r12-r01-e1]" time="0.000" /><testcase classname="tests.test_v2" name="test_randomized_centered_estimator_exact_unbiasedness[r12-r01-e2]" time="0.001" /><testcase classname="tests.test_v2" name="test_randomized_centered_estimator_exact_unbiasedness[r12-r02-e0]" time="0.001" /><testcase classname="tests.test_v2" name="test_randomized_centered_estimator_exact_unbiasedness[r12-r02-e1]" time="0.001" /><testcase classname="tests.test_v2" name="test_randomized_centered_estimator_exact_unbiasedness[r12-r02-e2]" time="0.001" /><testcase classname="tests.test_v2" name="test_randomized_no_hidden_reward_and_stale_comparator" time="0.002" /><testcase classname="tests.test_v2" name="test_protected_residual_and_capacity[0]" time="0.003" /><testcase classname="tests.test_v2" name="test_protected_residual_and_capacity[1]" time="0.003" /><testcase classname="tests.test_v2" name="test_protected_residual_and_capacity[2]" time="0.004" /><testcase classname="tests.test_v2" name="test_protected_residual_and_capacity[3]" time="0.003" /><testcase classname="tests.test_v2" name="test_protected_residual_and_capacity[4]" time="0.003" /><testcase classname="tests.test_v2" name="test_relational_interpreter_matches_sqlite[0]" time="0.012" /><testcase classname="tests.test_v2" name="test_relational_interpreter_matches_sqlite[1]" time="0.012" /><testcase classname="tests.test_v2" name="test_relational_interpreter_matches_sqlite[2]" time="0.017" /><testcase classname="tests.test_v2" name="test_relational_interpreter_matches_sqlite[3]" time="0.012" /><testcase classname="tests.test_v2" name="test_relational_interpreter_matches_sqlite[4]" time="0.013" /><testcase classname="tests.test_v2" name="test_relational_interpreter_matches_sqlite[5]" time="0.011" /><testcase classname="tests.test_v2" name="test_relational_guard_and_injection" time="0.000" /><testcase classname="tests.test_v2" name="test_fixedshare_floor_and_bandit_only_update[0]" time="0.008" /><testcase classname="tests.test_v2" name="test_fixedshare_floor_and_bandit_only_update[1]" time="0.007" /><testcase classname="tests.test_v2" name="test_fixedshare_floor_and_bandit_only_update[2]" time="0.008" /><testcase classname="tests.test_v2" name="test_fixedshare_floor_and_bandit_only_update[3]" time="0.007" /><testcase classname="tests.test_v2" name="test_fixedshare_floor_and_bandit_only_update[4]" time="0.008" /><testcase classname="tests.test_v2" name="test_bitset_tail_and_consensus[0]" time="0.001" /><testcase classname="tests.test_v2" name="test_bitset_tail_and_consensus[1]" time="0.001" /><testcase classname="tests.test_v2" name="test_bitset_tail_and_consensus[31]" time="0.001" /><testcase classname="tests.test_v2" name="test_bitset_tail_and_consensus[32]" time="0.001" /><testcase classname="tests.test_v2" name="test_bitset_tail_and_consensus[33]" time="0.001" /><testcase classname="tests.test_v2" name="test_bitset_tail_and_consensus[63]" time="0.001" /><testcase classname="tests.test_v2" name="test_bitset_tail_and_consensus[64]" time="0.001" /><testcase classname="tests.test_v2" name="test_bitset_tail_and_consensus[65]" time="0.001" /><testcase classname="tests.test_v2" name="test_bitset_tail_and_consensus[129]" time="0.001" /><testcase classname="tests.test_v2" name="test_predictable_audit_zero_padding_and_identity" time="0.006" /><testcase classname="tests.test_v2" name="test_integrated_system_learns_with_single_observed_reward" time="0.002" /><testcase classname="tests.test_v2" name="test_integrated_promotion_snapshot_has_birth_cut" time="0.000" /><testcase classname="tests.test_v2" name="test_integrated_explores_before_identification" time="0.001" /><testcase classname="tests.test_v2" name="test_shared_predicate_cube[0]" time="0.002" /><testcase classname="tests.test_v2" name="test_shared_predicate_cube[1]" time="0.003" /><testcase classname="tests.test_v2" name="test_shared_predicate_cube[2]" time="0.002" /><testcase classname="tests.test_v2" name="test_shared_predicate_cube[3]" time="0.005" /><testcase classname="tests.test_v2" name="test_shared_predicate_cube[4]" time="0.004" /><testcase classname="tests.test_v2" name="test_shared_predicate_cube[5]" time="0.006" /><testcase classname="tests.test_v2" name="test_shared_predicate_cube[6]" time="0.004" /><testcase classname="tests.test_v2" name="test_shared_predicate_cube[7]" time="0.004" /><testcase classname="tests.test_v2" name="test_model_plan_parser_rejects_ambient_code_and_bad_type" time="0.000" /><testcase classname="tests.test_v3_continuation" name="test_full_horizon_improvement[0]" time="0.001" /><testcase classname="tests.test_v3_continuation" name="test_full_horizon_improvement[1]" time="0.001" /><testcase classname="tests.test_v3_continuation" name="test_full_horizon_improvement[2]" time="0.001" /><testcase classname="tests.test_v3_continuation" name="test_full_horizon_improvement[3]" time="0.001" /><testcase classname="tests.test_v3_continuation" name="test_full_horizon_improvement[4]" time="0.001" /><testcase classname="tests.test_v3_continuation" name="test_full_horizon_improvement[5]" time="0.001" /><testcase classname="tests.test_v3_continuation" name="test_full_horizon_improvement[6]" time="0.001" /><testcase classname="tests.test_v3_continuation" name="test_full_horizon_improvement[7]" time="0.001" /><testcase classname="tests.test_v3_continuation" name="test_full_horizon_improvement[8]" time="0.001" /><testcase classname="tests.test_v3_continuation" name="test_full_horizon_improvement[9]" time="0.001" /><testcase classname="tests.test_v3_continuation" name="test_full_horizon_improvement[10]" time="0.001" /><testcase classname="tests.test_v3_continuation" name="test_full_horizon_improvement[11]" time="0.001" /><testcase classname="tests.test_v3_continuation" name="test_full_horizon_improvement[12]" time="0.001" /><testcase classname="tests.test_v3_continuation" name="test_full_horizon_improvement[13]" time="0.001" /><testcase classname="tests.test_v3_continuation" name="test_full_horizon_improvement[14]" time="0.001" /><testcase classname="tests.test_v3_continuation" name="test_full_horizon_improvement[15]" time="0.001" /><testcase classname="tests.test_v3_continuation" name="test_full_horizon_improvement[16]" time="0.001" /><testcase classname="tests.test_v3_continuation" name="test_full_horizon_improvement[17]" time="0.001" /><testcase classname="tests.test_v3_continuation" name="test_full_horizon_improvement[18]" time="0.001" /><testcase classname="tests.test_v3_continuation" name="test_full_horizon_improvement[19]" time="0.001" /><testcase classname="tests.test_v3_continuation" name="test_full_horizon_improvement[20]" time="0.001" /><testcase classname="tests.test_v3_continuation" name="test_full_horizon_improvement[21]" time="0.001" /><testcase classname="tests.test_v3_continuation" name="test_full_horizon_improvement[22]" time="0.001" /><testcase classname="tests.test_v3_continuation" name="test_full_horizon_improvement[23]" time="0.001" /><testcase classname="tests.test_v3_continuation" name="test_full_horizon_improvement[24]" time="0.001" /><testcase classname="tests.test_v3_continuation" name="test_full_horizon_improvement[25]" time="0.001" /><testcase classname="tests.test_v3_continuation" name="test_full_horizon_improvement[26]" time="0.001" /><testcase classname="tests.test_v3_continuation" name="test_full_horizon_improvement[27]" time="0.001" /><testcase classname="tests.test_v3_continuation" name="test_full_horizon_improvement[28]" time="0.001" /><testcase classname="tests.test_v3_continuation" name="test_full_horizon_improvement[29]" time="0.001" /><testcase classname="tests.test_v3_continuation" name="test_realized_regret_budget_every_prefix[0]" time="0.005" /><testcase classname="tests.test_v3_continuation" name="test_realized_regret_budget_every_prefix[1]" time="0.005" /><testcase classname="tests.test_v3_continuation" name="test_realized_regret_budget_every_prefix[2]" time="0.005" /><testcase classname="tests.test_v3_continuation" name="test_realized_regret_budget_every_prefix[3]" time="0.004" /><testcase classname="tests.test_v3_continuation" name="test_realized_regret_budget_every_prefix[4]" time="0.004" /><testcase classname="tests.test_v3_continuation" name="test_realized_regret_budget_every_prefix[5]" time="0.005" /><testcase classname="tests.test_v3_continuation" name="test_realized_regret_budget_every_prefix[6]" time="0.005" /><testcase classname="tests.test_v3_continuation" name="test_realized_regret_budget_every_prefix[7]" time="0.004" /><testcase classname="tests.test_v3_continuation" name="test_realized_regret_budget_every_prefix[8]" time="0.005" /><testcase classname="tests.test_v3_continuation" name="test_realized_regret_budget_every_prefix[9]" time="0.004" /><testcase classname="tests.test_v3_continuation" name="test_realized_regret_budget_every_prefix[10]" time="0.004" /><testcase classname="tests.test_v3_continuation" name="test_realized_regret_budget_every_prefix[11]" time="0.004" /><testcase classname="tests.test_v3_continuation" name="test_realized_regret_budget_every_prefix[12]" time="0.005" /><testcase classname="tests.test_v3_continuation" name="test_realized_regret_budget_every_prefix[13]" time="0.005" /><testcase classname="tests.test_v3_continuation" name="test_realized_regret_budget_every_prefix[14]" time="0.004" /><testcase classname="tests.test_v3_continuation" name="test_realized_regret_budget_every_prefix[15]" time="0.005" /><testcase classname="tests.test_v3_continuation" name="test_realized_regret_budget_every_prefix[16]" time="0.005" /><testcase classname="tests.test_v3_continuation" name="test_realized_regret_budget_every_prefix[17]" time="0.004" /><testcase classname="tests.test_v3_continuation" name="test_realized_regret_budget_every_prefix[18]" time="0.005" /><testcase classname="tests.test_v3_continuation" name="test_realized_regret_budget_every_prefix[19]" time="0.004" /><testcase classname="tests.test_v3_continuation" name="test_realized_regret_budget_every_prefix[20]" time="0.004" /><testcase classname="tests.test_v3_continuation" name="test_realized_regret_budget_every_prefix[21]" time="0.005" /><testcase classname="tests.test_v3_continuation" name="test_realized_regret_budget_every_prefix[22]" time="0.005" /><testcase classname="tests.test_v3_continuation" name="test_realized_regret_budget_every_prefix[23]" time="0.005" /><testcase classname="tests.test_v3_continuation" name="test_realized_regret_budget_every_prefix[24]" time="0.005" /><testcase classname="tests.test_v3_continuation" name="test_realized_regret_budget_every_prefix[25]" time="0.005" /><testcase classname="tests.test_v3_continuation" name="test_realized_regret_budget_every_prefix[26]" time="0.005" /><testcase classname="tests.test_v3_continuation" name="test_realized_regret_budget_every_prefix[27]" time="0.004" /><testcase classname="tests.test_v3_continuation" name="test_realized_regret_budget_every_prefix[28]" time="0.005" /><testcase classname="tests.test_v3_continuation" name="test_realized_regret_budget_every_prefix[29]" time="0.005" /><testcase classname="tests.test_v3_continuation" name="test_delayed_harm_rejected_despite_immediate_gain" time="0.000" /><testcase classname="tests.test_v3_continuation" name="test_growth_invalidates_certificate_and_replays_discarded_history" time="0.001" /><testcase classname="tests.test_v3_continuation" name="test_empty_bank_not_vacuously_safe" time="0.000" /><testcase classname="tests.test_v3_continuation" name="test_budget_zero_can_prevent_all_learning" time="0.005" /><testcase classname="tests.test_v3_continuation" name="test_atomic_rejection_and_immutable_inputs" time="0.000" /><testcase classname="tests.test_v3_continuation" name="test_foreign_ticket_and_mid_episode_expansion" time="0.005" /><testcase classname="tests.test_v3_continuation" name="test_hidden_controller_memory_not_discarded" time="0.001" /><testcase classname="tests.test_v3_continuation" name="test_coupling_independent_parity[0]" time="0.001" /><testcase classname="tests.test_v3_continuation" name="test_coupling_independent_parity[1]" time="0.001" /><testcase classname="tests.test_v3_continuation" name="test_coupling_independent_parity[2]" time="0.004" /><testcase classname="tests.test_v3_continuation" name="test_coupling_independent_parity[3]" time="0.001" /><testcase classname="tests.test_v3_continuation" name="test_coupling_independent_parity[4]" time="0.001" /><testcase classname="tests.test_v3_continuation" name="test_coupling_independent_parity[5]" time="0.001" /><testcase classname="tests.test_v3_continuation" name="test_coupling_independent_parity[6]" time="0.001" /><testcase classname="tests.test_v3_continuation" name="test_coupling_independent_parity[7]" time="0.001" /><testcase classname="tests.test_v3_continuation" name="test_coupling_independent_parity[8]" time="0.001" /><testcase classname="tests.test_v3_continuation" name="test_coupling_independent_parity[9]" time="0.001" /><testcase classname="tests.test_v3_continuation" name="test_coupling_independent_parity[10]" time="0.001" /><testcase classname="tests.test_v3_continuation" name="test_coupling_independent_parity[11]" time="0.001" /><testcase classname="tests.test_v3_continuation" name="test_coupling_independent_parity[12]" time="0.001" /><testcase classname="tests.test_v3_continuation" name="test_coupling_independent_parity[13]" time="0.001" /><testcase classname="tests.test_v3_continuation" name="test_coupling_independent_parity[14]" time="0.001" /><testcase classname="tests.test_v3_continuation" name="test_coupling_independent_parity[15]" time="0.001" /><testcase classname="tests.test_v3_continuation" name="test_coupling_independent_parity[16]" time="0.001" /><testcase classname="tests.test_v3_continuation" name="test_coupling_independent_parity[17]" time="0.001" /><testcase classname="tests.test_v3_continuation" name="test_coupling_independent_parity[18]" time="0.001" /><testcase classname="tests.test_v3_continuation" name="test_coupling_independent_parity[19]" time="0.001" /><testcase classname="tests.test_v3_continuation" name="test_closed_protected_domain_not_just_local_agreement" time="0.000" /><testcase classname="tests.test_v3_continuation" name="test_likelihood_noise_does_not_hard_eliminate" time="0.001" /><testcase classname="tests.test_v3_continuation" name="test_likelihood_fixed_horizon_evalue_expectation_exact" time="0.005" /><testcase classname="tests.test_v3_continuation" name="test_likelihood_atomic_validation" time="0.000" /><testcase classname="tests.test_v3_continuation" name="test_hidden_drift_can_harm_before_detection" time="0.001" /><testcase classname="tests.test_v3_continuation" name="test_average_gain_does_not_protect_a_subgroup" time="0.000" /><testcase classname="tests.test_v3_training" name="test_frozen_modules_and_dispatch_do_not_change[0]" time="0.003" /><testcase classname="tests.test_v3_training" name="test_frozen_modules_and_dispatch_do_not_change[1]" time="0.003" /><testcase classname="tests.test_v3_training" name="test_frozen_modules_and_dispatch_do_not_change[2]" time="0.003" /><testcase classname="tests.test_v3_training" name="test_frozen_modules_and_dispatch_do_not_change[3]" time="0.003" /><testcase classname="tests.test_v3_training" name="test_frozen_modules_and_dispatch_do_not_change[4]" time="0.003" /><testcase classname="tests.test_v3_training" name="test_frozen_modules_and_dispatch_do_not_change[5]" time="0.003" /><testcase classname="tests.test_v3_training" name="test_frozen_modules_and_dispatch_do_not_change[6]" time="0.003" /><testcase classname="tests.test_v3_training" name="test_frozen_modules_and_dispatch_do_not_change[7]" time="0.004" /><testcase classname="tests.test_v3_training" name="test_frozen_modules_and_dispatch_do_not_change[8]" time="0.005" /><testcase classname="tests.test_v3_training" name="test_frozen_modules_and_dispatch_do_not_change[9]" time="0.003" /><testcase classname="tests.test_v3_training" name="test_learns_from_own_feedback" time="0.056" /><testcase classname="tests.test_v3_vector" name="test_exact_scalar_vector_parity[0]" time="0.003" /><testcase classname="tests.test_v3_vector" name="test_exact_scalar_vector_parity[1]" time="0.002" /><testcase classname="tests.test_v3_vector" name="test_exact_scalar_vector_parity[2]" time="0.002" /><testcase classname="tests.test_v3_vector" name="test_exact_scalar_vector_parity[3]" time="0.002" /><testcase classname="tests.test_v3_vector" name="test_exact_scalar_vector_parity[4]" time="0.002" /><testcase classname="tests.test_v3_vector" name="test_exact_scalar_vector_parity[5]" time="0.002" /><testcase classname="tests.test_v3_vector" name="test_exact_scalar_vector_parity[6]" time="0.002" /><testcase classname="tests.test_v3_vector" name="test_exact_scalar_vector_parity[7]" time="0.002" /><testcase classname="tests.test_v3_vector" name="test_exact_scalar_vector_parity[8]" time="0.002" /><testcase classname="tests.test_v3_vector" name="test_exact_scalar_vector_parity[9]" time="0.002" /><testcase classname="tests.test_v3_vector" name="test_exact_scalar_vector_parity[10]" time="0.002" /><testcase classname="tests.test_v3_vector" name="test_exact_scalar_vector_parity[11]" time="0.002" /><testcase classname="tests.test_v3_vector" name="test_exact_scalar_vector_parity[12]" time="0.002" /><testcase classname="tests.test_v3_vector" name="test_exact_scalar_vector_parity[13]" time="0.002" /><testcase classname="tests.test_v3_vector" name="test_exact_scalar_vector_parity[14]" time="0.002" /><testcase classname="tests.test_v3_vector" name="test_exact_scalar_vector_parity[15]" time="0.002" /><testcase classname="tests.test_v3_vector" name="test_exact_scalar_vector_parity[16]" time="0.002" /><testcase classname="tests.test_v3_vector" name="test_exact_scalar_vector_parity[17]" time="0.002" /><testcase classname="tests.test_v3_vector" name="test_exact_scalar_vector_parity[18]" time="0.002" /><testcase classname="tests.test_v3_vector" name="test_exact_scalar_vector_parity[19]" time="0.002" /><testcase classname="tests.test_v3_vector" name="test_overflow_refused" time="0.000" /></testsuite></testsuites>