<?xml version="1.0" encoding="utf-8"?><testsuites name="pytest tests"><testsuite name="pytest" errors="0" failures="0" skipped="0" tests="10" time="0.535" timestamp="2026-09-09T09:49:45.107630-07:00" hostname="Sam"><testcase classname="tests.test_model_v9_compatible" name="test_portable_schema_removes_only_large_integer_bounds_and_deepcopies" time="0.000" /><testcase classname="tests.test_model_v9_compatible" name="test_effective_bodies_match_and_phase_policy_is_restored[ordinary:solve-True]" time="0.018" /><testcase classname="tests.test_model_v9_compatible" name="test_effective_bodies_match_and_phase_policy_is_restored[ordinary:reflection-False]" time="0.017" /><testcase classname="tests.test_model_v9_compatible" name="test_removed_wire_limit_does_not_repair_output_or_weaken_host_admission" time="0.016" /><testcase classname="tests.test_model_v9_compatible" name="test_failures_preserve_accounting_markers_and_restore_thinking[preflight-0-0-0]" time="0.013" /><testcase classname="tests.test_model_v9_compatible" name="test_failures_preserve_accounting_markers_and_restore_thinking[generation-1-0-1]" time="0.013" /><testcase classname="tests.test_model_v9_compatible" name="test_failures_preserve_accounting_markers_and_restore_thinking[identity-1-17-0]" time="0.018" /><testcase classname="tests.test_model_v9_compatible" name="test_compatible_transport_rejects_json_mode_before_requests" time="0.013" /><testcase classname="tests.test_model_v9_compatible" name="test_wrapper_extends_dependencies_only_during_main_and_restores_them[False]" time="0.080" /><testcase classname="tests.test_model_v9_compatible" name="test_wrapper_extends_dependencies_only_during_main_and_restores_them[True]" time="0.002" /></testsuite></testsuites>