<?xml version="1.0" encoding="utf-8"?><testsuites name="pytest tests"><testsuite name="pytest" errors="0" failures="0" skipped="0" tests="143" time="6.940" timestamp="2026-09-09T09:37:31.989633-07:00" hostname="Sam"><testcase classname="tests.test_actions_v9" name="test_sqlite_supported_ordinary_syntax_executes_exactly_once[SELECT 7;-params0-7]" time="0.027" /><testcase classname="tests.test_actions_v9" name="test_sqlite_supported_ordinary_syntax_executes_exactly_once[-- documentation comment\nSELECT :n; -- trailing comment-params1-11]" time="0.018" /><testcase classname="tests.test_actions_v9" name="test_sqlite_supported_ordinary_syntax_executes_exactly_once[/* leading */ WITH x AS (SELECT :n AS amount) SELECT amount FROM x;-params2-12]" time="0.017" /><testcase classname="tests.test_actions_v9" name="test_sqlite_supported_ordinary_syntax_executes_exactly_once[SELECT :x AS value /* inner comment */;-params3-SQL-shaped text: '; DROP TABLE catalog; --]" time="0.029" /><testcase classname="tests.test_actions_v9" name="test_sqlite_supported_ordinary_syntax_executes_exactly_once[SELECT @n;-params4-13]" time="0.017" /><testcase classname="tests.test_actions_v9" name="test_sqlite_supported_ordinary_syntax_executes_exactly_once[SELECT $n;-params5-14]" time="0.021" /><testcase classname="tests.test_actions_v9" name="test_parser_does_not_authorize_writes_or_multiple_statements[DELETE FROM catalog;]" time="0.018" /><testcase classname="tests.test_actions_v9" name="test_parser_does_not_authorize_writes_or_multiple_statements[INSERT INTO catalog VALUES ('injected','injected','injected');]" time="0.022" /><testcase classname="tests.test_actions_v9" name="test_parser_does_not_authorize_writes_or_multiple_statements[UPDATE catalog SET description = NULL;]" time="0.026" /><testcase classname="tests.test_actions_v9" name="test_parser_does_not_authorize_writes_or_multiple_statements[DROP TABLE catalog;]" time="0.024" /><testcase classname="tests.test_actions_v9" name="test_parser_does_not_authorize_writes_or_multiple_statements[PRAGMA query_only=OFF;]" time="0.020" /><testcase classname="tests.test_actions_v9" name="test_parser_does_not_authorize_writes_or_multiple_statements[ATTACH DATABASE ':memory:' AS other;]" time="0.031" /><testcase classname="tests.test_actions_v9" name="test_parser_does_not_authorize_writes_or_multiple_statements[WITH x AS (SELECT 1) DELETE FROM catalog;]" time="0.028" /><testcase classname="tests.test_actions_v9" name="test_parser_does_not_authorize_writes_or_multiple_statements[SELECT 1; SELECT 2;]" time="0.042" /><testcase classname="tests.test_actions_v9" name="test_parser_does_not_authorize_writes_or_multiple_statements[SELECT 1; DELETE FROM catalog;]" time="0.036" /><testcase classname="tests.test_actions_v9" name="test_parser_does_not_authorize_writes_or_multiple_statements[SELECT load_extension('not-an-extension');]" time="0.022" /><testcase classname="tests.test_actions_v9" name="test_bad_sql_reaches_the_charged_executor[]" time="0.030" /><testcase classname="tests.test_actions_v9" name="test_bad_sql_reaches_the_charged_executor[SELECT FROM]" time="0.043" /><testcase classname="tests.test_actions_v9" name="test_bad_sql_reaches_the_charged_executor[SELECT :missing]" time="0.041" /><testcase classname="tests.test_actions_v9" name="test_bad_binding_types_sizes_and_names_are_rejected[params0]" time="0.001" /><testcase classname="tests.test_actions_v9" name="test_bad_binding_types_sizes_and_names_are_rejected[params1]" time="0.001" /><testcase classname="tests.test_actions_v9" name="test_bad_binding_types_sizes_and_names_are_rejected[params2]" time="0.001" /><testcase classname="tests.test_actions_v9" name="test_bad_binding_types_sizes_and_names_are_rejected[params3]" time="0.001" /><testcase classname="tests.test_actions_v9" name="test_bad_binding_types_sizes_and_names_are_rejected[params4]" time="0.001" /><testcase classname="tests.test_actions_v9" name="test_bad_binding_types_sizes_and_names_are_rejected[params5]" time="0.000" /><testcase classname="tests.test_actions_v9" name="test_bad_binding_types_sizes_and_names_are_rejected[params6]" time="0.000" /><testcase classname="tests.test_actions_v9" name="test_bad_binding_types_sizes_and_names_are_rejected[params7]" time="0.000" /><testcase classname="tests.test_actions_v9" name="test_bad_binding_types_sizes_and_names_are_rejected[params8]" time="0.000" /><testcase classname="tests.test_actions_v9" name="test_bad_binding_types_sizes_and_names_are_rejected[params9]" time="0.000" /><testcase classname="tests.test_actions_v9" name="test_strict_json_envelope_is_preserved[{&quot;action&quot;:&quot;QUERY&quot;,&quot;sql&quot;:&quot;SELECT 1&quot;,&quot;sql&quot;:&quot;SELECT 2&quot;,&quot;params&quot;:{}}]" time="0.000" /><testcase classname="tests.test_actions_v9" name="test_strict_json_envelope_is_preserved[{&quot;action&quot;:&quot;QUERY&quot;,&quot;sql&quot;:&quot;SELECT :x&quot;,&quot;params&quot;:{&quot;x&quot;:1,&quot;x&quot;:2}}]" time="0.000" /><testcase classname="tests.test_actions_v9" name="test_strict_json_envelope_is_preserved[{&quot;action&quot;:&quot;QUERY&quot;,&quot;sql&quot;:&quot;SELECT :x&quot;,&quot;params&quot;:{&quot;x&quot;:NaN}}]" time="0.000" /><testcase classname="tests.test_actions_v9" name="test_strict_json_envelope_is_preserved[{&quot;action&quot;:&quot;QUERY&quot;,&quot;sql&quot;:&quot;SELECT :x&quot;,&quot;params&quot;:{&quot;x&quot;:1e400}}]" time="0.000" /><testcase classname="tests.test_actions_v9" name="test_strict_json_envelope_is_preserved[{&quot;action&quot;:&quot;QUERY&quot;,&quot;sql&quot;:1,&quot;params&quot;:{}}]" time="0.000" /><testcase classname="tests.test_actions_v9" name="test_strict_json_envelope_is_preserved[{&quot;action&quot;:&quot;QUERY&quot;,&quot;sql&quot;:&quot;SELECT 1&quot;,&quot;params&quot;:{},&quot;extra&quot;:1}]" time="0.000" /><testcase classname="tests.test_actions_v9" name="test_sql_and_complete_action_byte_ceilings_remain_bounded" time="0.000" /><testcase classname="tests.test_actions_v9" name="test_answer_remains_a_finite_exact_numeric_type[True]" time="0.000" /><testcase classname="tests.test_actions_v9" name="test_answer_remains_a_finite_exact_numeric_type[nan]" time="0.000" /><testcase classname="tests.test_actions_v9" name="test_answer_remains_a_finite_exact_numeric_type[inf]" time="0.000" /><testcase classname="tests.test_actions_v9" name="test_answer_remains_a_finite_exact_numeric_type[2]" time="0.000" /><testcase classname="tests.test_actions_v9" name="test_answer_remains_a_finite_exact_numeric_type[None]" time="0.000" /><testcase classname="tests.test_actions_v9" name="test_answer_and_memory_actions_retain_the_existing_path" time="0.001" /><testcase classname="tests.test_audit_competence_v9" name="test_full_offline_grid_replays_with_known_cost_without_model_claim" time="0.309" /><testcase classname="tests.test_audit_competence_v9" name="test_rehashed_corruptions_fail_independent_replay[sql_result]" time="0.262" /><testcase classname="tests.test_audit_competence_v9" name="test_rehashed_corruptions_fail_independent_replay[prompt]" time="0.310" /><testcase classname="tests.test_audit_competence_v9" name="test_rehashed_corruptions_fail_independent_replay[config]" time="0.382" /><testcase classname="tests.test_audit_competence_v9" name="test_rehashed_corruptions_fail_independent_replay[cost]" time="0.685" /><testcase classname="tests.test_audit_competence_v9" name="test_rehashed_corruptions_fail_independent_replay[attempt]" time="0.390" /><testcase classname="tests.test_audit_competence_v9" name="test_rehashed_corruptions_fail_independent_replay[feedback]" time="0.385" /><testcase classname="tests.test_audit_competence_v9" name="test_rehashed_corruptions_fail_independent_replay[source]" time="0.284" /><testcase classname="tests.test_audit_competence_v9" name="test_selected_subset_is_consistent_but_never_a_complete_warm_screen" time="0.266" /><testcase classname="tests.test_audit_competence_v9" name="test_interactive_protocol_uses_exact_standalone_public_prompt" time="0.316" /><testcase classname="tests.test_audit_competence_v9" name="test_interactive_prompt_cannot_be_swapped_or_relabelled_as_original[prompt_mismatch]" time="0.267" /><testcase classname="tests.test_audit_competence_v9" name="test_interactive_prompt_cannot_be_swapped_or_relabelled_as_original[source_config]" time="0.299" /><testcase classname="tests.test_memory_v9" name="test_all_six_arms_have_identical_initial_prefix_and_required_policy" time="0.000" /><testcase classname="tests.test_memory_v9" name="test_reflection_uses_prior_context_visible_messages_and_boolean_feedback_only" time="0.000" /><testcase classname="tests.test_memory_v9" name="test_long_sql_context_update_and_rejection_are_atomic_and_accounted" time="0.001" /><testcase classname="tests.test_memory_v9" name="test_context_item_count_character_and_encoded_active_caps" time="0.006" /><testcase classname="tests.test_memory_v9" name="test_malformed_context_rejects_entire_update[{&quot;insights&quot;:[&quot;new&quot;],&quot;insights&quot;:[&quot;duplicate&quot;]}]" time="0.001" /><testcase classname="tests.test_memory_v9" name="test_malformed_context_rejects_entire_update[{&quot;insights&quot;:[&quot;new&quot;],&quot;extra&quot;:true}]" time="0.000" /><testcase classname="tests.test_memory_v9" name="test_malformed_context_rejects_entire_update[{&quot;insights&quot;:[NaN]}]" time="0.000" /><testcase classname="tests.test_memory_v9" name="test_malformed_context_rejects_entire_update[{&quot;insights&quot;:[&quot;\\ud800&quot;]}]" time="0.000" /><testcase classname="tests.test_memory_v9" name="test_malformed_context_rejects_entire_update[[]]" time="0.000" /><testcase classname="tests.test_memory_v9" name="test_other_arms_retain_v8_finish_and_nonempty_prefix_behavior[full_history]" time="0.001" /><testcase classname="tests.test_memory_v9" name="test_other_arms_retain_v8_finish_and_nonempty_prefix_behavior[verbatim]" time="0.000" /><testcase classname="tests.test_memory_v9" name="test_other_arms_retain_v8_finish_and_nonempty_prefix_behavior[fragments]" time="0.001" /><testcase classname="tests.test_memory_v9" name="test_other_arms_retain_v8_finish_and_nonempty_prefix_behavior[fragments_unchecked]" time="0.001" /><testcase classname="tests.test_memory_v9" name="test_other_arms_retain_v8_finish_and_nonempty_prefix_behavior[stateless]" time="0.001" /><testcase classname="tests.test_model_v9" name="test_effective_decoding_schema_and_messages_are_identical_and_frozen" time="0.017" /><testcase classname="tests.test_model_v9" name="test_json_mode_omits_schema_for_both_requests" time="0.013" /><testcase classname="tests.test_model_v9" name="test_reasoning_only_exhaustion_keeps_known_cost_and_empty_action" time="0.015" /><testcase classname="tests.test_model_v9" name="test_invalid_decoding_cannot_reach_transport[kwargs0]" time="0.000" /><testcase classname="tests.test_model_v9" name="test_invalid_decoding_cannot_reach_transport[kwargs1]" time="0.000" /><testcase classname="tests.test_model_v9" name="test_invalid_decoding_cannot_reach_transport[kwargs2]" time="0.000" /><testcase classname="tests.test_model_v9" name="test_invalid_decoding_cannot_reach_transport[kwargs3]" time="0.000" /><testcase classname="tests.test_model_v9" name="test_invalid_decoding_cannot_reach_transport[kwargs4]" time="0.000" /><testcase classname="tests.test_model_v9" name="test_invalid_decoding_cannot_reach_transport[kwargs5]" time="0.000" /><testcase classname="tests.test_model_v9" name="test_invalid_decoding_cannot_reach_transport[kwargs6]" time="0.000" /><testcase classname="tests.test_model_v9" name="test_invalid_decoding_cannot_reach_transport[kwargs7]" time="0.000" /><testcase classname="tests.test_model_v9" name="test_invalid_decoding_cannot_reach_transport[kwargs8]" time="0.000" /><testcase classname="tests.test_model_v9" name="test_decoding_is_immutable_and_mode_is_validated_before_key_read" time="0.001" /><testcase classname="tests.test_model_v9" name="test_full_prompt_and_output_reservation_stop_before_generation[context]" time="0.017" /><testcase classname="tests.test_model_v9" name="test_full_prompt_and_output_reservation_stop_before_generation[reservation]" time="0.014" /><testcase classname="tests.test_model_v9" name="test_backend_accounting_errors_are_charged_and_never_retried[short_prompt]" time="0.013" /><testcase classname="tests.test_model_v9" name="test_backend_accounting_errors_are_charged_and_never_retried[excess_output]" time="0.013" /><testcase classname="tests.test_model_v9" name="test_backend_accounting_errors_are_charged_and_never_retried[unknown_usage]" time="0.013" /><testcase classname="tests.test_sql_env_v9" name="test_exact_observed_current_profile_query_is_correct_and_charged" time="0.023" /><testcase classname="tests.test_sql_env_v9" name="test_ordinary_nonrecursive_relations_and_quoted_names_remain_supported[WITH x AS (SELECT 1 AS v) SELECT COUNT(*) FROM x-1]" time="0.001" /><testcase classname="tests.test_sql_env_v9" name="test_ordinary_nonrecursive_relations_and_quoted_names_remain_supported[WITH x AS (VALUES (1),(2)), y AS (SELECT * FROM x) SELECT COUNT(*) FROM y-2]" time="0.001" /><testcase classname="tests.test_sql_env_v9" name="test_ordinary_nonrecursive_relations_and_quoted_names_remain_supported[SELECT COUNT(*) FROM (WITH x AS (SELECT 1) SELECT * FROM x)-1]" time="0.001" /><testcase classname="tests.test_sql_env_v9" name="test_ordinary_nonrecursive_relations_and_quoted_names_remain_supported[WITH &quot;Count Rows&quot; AS (SELECT 1 UNION ALL SELECT 2) SELECT COUNT(*) FROM &quot;Count Rows&quot;-2]" time="0.001" /><testcase classname="tests.test_sql_env_v9" name="test_ordinary_nonrecursive_relations_and_quoted_names_remain_supported[WITH &quot;caf\xe9&quot; AS (SELECT 1) SELECT COUNT(*) FROM &quot;caf\xe9&quot;-1]" time="0.001" /><testcase classname="tests.test_sql_env_v9" name="test_ordinary_nonrecursive_relations_and_quoted_names_remain_supported[WITH x AS MATERIALIZED (SELECT 1) SELECT COUNT(*) FROM x-1]" time="0.001" /><testcase classname="tests.test_sql_env_v9" name="test_ordinary_nonrecursive_relations_and_quoted_names_remain_supported[WITH x AS (SELECT * FROM catalog) SELECT COUNT(*) FROM x-24]" time="0.001" /><testcase classname="tests.test_sql_env_v9" name="test_exception_cannot_read_forbidden_objects_or_execute_unsafe_actions[SELECT COUNT(*) FROM sqlite_schema]" time="0.001" /><testcase classname="tests.test_sql_env_v9" name="test_exception_cannot_read_forbidden_objects_or_execute_unsafe_actions[SELECT COUNT(*) FROM main.sqlite_schema]" time="0.001" /><testcase classname="tests.test_sql_env_v9" name="test_exception_cannot_read_forbidden_objects_or_execute_unsafe_actions[SELECT COUNT(*) FROM temp.sqlite_schema]" time="0.001" /><testcase classname="tests.test_sql_env_v9" name="test_exception_cannot_read_forbidden_objects_or_execute_unsafe_actions[SELECT COUNT(*) FROM SQLITE_MASTER]" time="0.001" /><testcase classname="tests.test_sql_env_v9" name="test_exception_cannot_read_forbidden_objects_or_execute_unsafe_actions[WITH x AS (SELECT 1 FROM sqlite_schema) SELECT COUNT(*) FROM x]" time="0.001" /><testcase classname="tests.test_sql_env_v9" name="test_exception_cannot_read_forbidden_objects_or_execute_unsafe_actions[WITH sqlite_schema AS (SELECT 1) SELECT COUNT(*) FROM main.sqlite_schema]" time="0.001" /><testcase classname="tests.test_sql_env_v9" name="test_exception_cannot_read_forbidden_objects_or_execute_unsafe_actions[SELECT COUNT(*) FROM pragma_table_info('catalog')]" time="0.001" /><testcase classname="tests.test_sql_env_v9" name="test_exception_cannot_read_forbidden_objects_or_execute_unsafe_actions[SELECT COUNT(*) FROM pragma_table_list]" time="0.001" /><testcase classname="tests.test_sql_env_v9" name="test_exception_cannot_read_forbidden_objects_or_execute_unsafe_actions[SELECT COUNT(*) FROM json_each('[1,2]') AS harmless]" time="0.001" /><testcase classname="tests.test_sql_env_v9" name="test_exception_cannot_read_forbidden_objects_or_execute_unsafe_actions[SELECT COUNT(*) FROM JSON_TREE('[1,2]')]" time="0.001" /><testcase classname="tests.test_sql_env_v9" name="test_exception_cannot_read_forbidden_objects_or_execute_unsafe_actions[SELECT COUNT(*) FROM dbstat AS harmless]" time="0.001" /><testcase classname="tests.test_sql_env_v9" name="test_exception_cannot_read_forbidden_objects_or_execute_unsafe_actions[SELECT COUNT(*) FROM main.dbstat]" time="0.001" /><testcase classname="tests.test_sql_env_v9" name="test_exception_cannot_read_forbidden_objects_or_execute_unsafe_actions[WITH unused AS (WITH json_each AS (SELECT 99) SELECT * FROM json_each) SELECT COUNT(*) FROM json_each('[1,2]')]" time="0.001" /><testcase classname="tests.test_sql_env_v9" name="test_exception_cannot_read_forbidden_objects_or_execute_unsafe_actions[WITH unused AS (WITH dbstat AS (SELECT 99) SELECT * FROM dbstat) SELECT COUNT(*) FROM dbstat]" time="0.001" /><testcase classname="tests.test_sql_env_v9" name="test_exception_cannot_read_forbidden_objects_or_execute_unsafe_actions[WITH json_each AS (SELECT 1) SELECT COUNT(*) FROM main.json_each('[1,2]')]" time="0.001" /><testcase classname="tests.test_sql_env_v9" name="test_exception_cannot_read_forbidden_objects_or_execute_unsafe_actions[WITH x AS (SELECT 1) DELETE FROM catalog]" time="0.001" /><testcase classname="tests.test_sql_env_v9" name="test_exception_cannot_read_forbidden_objects_or_execute_unsafe_actions[UPDATE catalog SET description='changed']" time="0.001" /><testcase classname="tests.test_sql_env_v9" name="test_exception_cannot_read_forbidden_objects_or_execute_unsafe_actions[PRAGMA query_only=OFF]" time="0.001" /><testcase classname="tests.test_sql_env_v9" name="test_exception_cannot_read_forbidden_objects_or_execute_unsafe_actions[ATTACH DATABASE ':memory:' AS other]" time="0.001" /><testcase classname="tests.test_sql_env_v9" name="test_exception_cannot_read_forbidden_objects_or_execute_unsafe_actions[BEGIN TRANSACTION]" time="0.001" /><testcase classname="tests.test_sql_env_v9" name="test_exception_cannot_read_forbidden_objects_or_execute_unsafe_actions[SELECT load_extension('forbidden')]" time="0.001" /><testcase classname="tests.test_sql_env_v9" name="test_exception_cannot_read_forbidden_objects_or_execute_unsafe_actions[SELECT readfile('/etc/passwd')]" time="0.001" /><testcase classname="tests.test_sql_env_v9" name="test_exception_cannot_read_forbidden_objects_or_execute_unsafe_actions[SELECT writefile('/tmp/forbidden-v9','x')]" time="0.001" /><testcase classname="tests.test_sql_env_v9" name="test_exception_cannot_read_forbidden_objects_or_execute_unsafe_actions[WITH x AS (SELECT readfile('/etc/passwd')) SELECT * FROM x]" time="0.001" /><testcase classname="tests.test_sql_env_v9" name="test_exception_cannot_read_forbidden_objects_or_execute_unsafe_actions[WITH RECURSIVE x(n) AS (SELECT 1 UNION ALL SELECT n+1 FROM x WHERE n&lt;4) SELECT COUNT(*) FROM x]" time="0.001" /><testcase classname="tests.test_sql_env_v9" name="test_module_inventory_and_database_column_action_boundaries" time="0.001" /><testcase classname="tests.test_sql_env_v9" name="test_transient_reads_preserve_query_and_learning_phase_limits" time="0.001" /><testcase classname="tests.test_sql_env_v9" name="test_transient_reads_preserve_vm_work_budget" time="0.001" /><testcase classname="tests.test_sql_harness_v9" name="test_learned_relation_is_paid_and_composes_correctly_on_fresh_rows" time="0.029" /><testcase classname="tests.test_sql_harness_v9" name="test_panels_never_reflect_or_update_any_arm[full_history]" time="0.024" /><testcase classname="tests.test_sql_harness_v9" name="test_panels_never_reflect_or_update_any_arm[verbatim]" time="0.026" /><testcase classname="tests.test_sql_harness_v9" name="test_panels_never_reflect_or_update_any_arm[insights]" time="0.029" /><testcase classname="tests.test_sql_harness_v9" name="test_panels_never_reflect_or_update_any_arm[fragments]" time="0.025" /><testcase classname="tests.test_sql_harness_v9" name="test_panels_never_reflect_or_update_any_arm[fragments_unchecked]" time="0.041" /><testcase classname="tests.test_sql_harness_v9" name="test_panels_never_reflect_or_update_any_arm[stateless]" time="0.026" /><testcase classname="tests.test_sql_harness_v9" name="test_ordinary_query_preserves_legal_sqlite_text_and_unused_bindings" time="0.022" /><testcase classname="tests.test_sql_harness_v9" name="test_first_prompts_match_and_evaluator_metadata_never_enters_learning" time="0.149" /><testcase classname="tests.test_sql_harness_v9" name="test_combined_budget_counts_each_call_once_and_stops_across_arms" time="0.020" /><testcase classname="tests.test_sql_harness_v9" name="test_qualification_default_runs_only_warm_and_freezes_configuration" time="0.087" /><testcase classname="tests.test_sql_harness_v9" name="test_full_stage_gate_stops_before_panels_without_discarding_warm_memory" time="0.109" /><testcase classname="tests.test_sql_harness_v9" name="test_shared_resource_stop_keeps_partial_records_and_cannot_qualify" time="0.084" /><testcase classname="tests.test_sql_harness_v9" name="test_only_declared_v9_development_seeds_are_accepted[seeds0]" time="0.002" /><testcase classname="tests.test_sql_harness_v9" name="test_only_declared_v9_development_seeds_are_accepted[seeds1]" time="0.001" /><testcase classname="tests.test_sql_harness_v9" name="test_only_declared_v9_development_seeds_are_accepted[seeds2]" time="0.001" /><testcase classname="tests.test_sql_harness_v9" name="test_only_declared_v9_development_seeds_are_accepted[seeds3]" time="0.001" /><testcase classname="tests.test_sql_harness_v9" name="test_source_change_invalidates_even_complete_synthetic_run" time="0.027" /><testcase classname="tests.test_sql_harness_v9" name="test_combined_budget_checks_shared_tokens_and_accounts_backend_excess" time="0.000" /><testcase classname="tests.test_sql_harness_v9" name="test_real_v9_client_enforces_shared_reservation_and_keeps_overflow_costs[49]" time="0.015" /><testcase classname="tests.test_sql_harness_v9" name="test_real_v9_client_enforces_shared_reservation_and_keeps_overflow_costs[50]" time="0.014" /></testsuite></testsuites>