<?xml version="1.0" encoding="utf-8"?><testsuites name="pytest tests"><testsuite name="pytest" errors="0" failures="0" skipped="8" tests="511" time="18.964" timestamp="2026-09-08T13:08:19.954296-07:00" hostname="Sam"><testcase classname="tests.test_audit" name="test_positive_fresh_evidence_passes" time="0.001" /><testcase classname="tests.test_audit" name="test_ties_are_not_evidence_of_positive_gain" time="0.001" /><testcase classname="tests.test_audit" name="test_losses_do_not_pass" time="0.001" /><testcase classname="tests.test_audit" name="test_proposal_episode_is_not_an_audit_case" time="0.000" /><testcase classname="tests.test_audit" name="test_duplicate_audit_case_rejected" time="0.000" /><testcase classname="tests.test_audit" name="test_changed_system_invalidates_comparison[scope-value0]" time="0.000" /><testcase classname="tests.test_audit" name="test_changed_system_invalidates_comparison[candidate_hash-candidate-v2]" time="0.000" /><testcase classname="tests.test_audit" name="test_changed_system_invalidates_comparison[baseline_hash-baseline-v2]" time="0.001" /><testcase classname="tests.test_audit" name="test_invalidated_audit_cannot_keep_admission" time="0.001" /><testcase classname="tests.test_audit" name="test_rational_reference_rejects_float_rewards" time="0.000" /><testcase classname="tests.test_audit" name="test_global_failure_allocation_has_bounded_partial_sum" time="0.001" /><testcase classname="tests.test_audit" name="test_exhaustive_fair_coin_null_optional_stopping_small_horizon" time="0.192" /><testcase classname="tests.test_audit" name="test_hoeffding_zero_samples" time="0.000" /><testcase classname="tests.test_audit" name="test_stale_incumbent_cannot_be_promoted_against" time="0.001" /><testcase classname="tests.test_audit_v6" name="test_valid_independent_small_transcript_passes_saved_data_replay" time="0.046" /><testcase classname="tests.test_audit_v6" name="test_saved_data_replay_rejects_tampered_transcript[refunded_ledger]" time="0.041" /><testcase classname="tests.test_audit_v6" name="test_saved_data_replay_rejects_tampered_transcript[altered_reward]" time="0.027" /><testcase classname="tests.test_audit_v6" name="test_saved_data_replay_rejects_tampered_transcript[false_promotion]" time="0.025" /><testcase classname="tests.test_audit_v6" name="test_saved_data_replay_rejects_tampered_transcript[insufficient_debit]" time="0.027" /><testcase classname="tests.test_audit_v6" name="test_saved_data_replay_rejects_tampered_transcript[altered_trace]" time="0.033" /><testcase classname="tests.test_audit_v6" name="test_saved_data_replay_rejects_tampered_transcript[wrong_coverage]" time="0.024" /><testcase classname="tests.test_audit_v6" name="test_saved_data_replay_rejects_tampered_transcript[wrong_prefix]" time="0.026" /><testcase classname="tests.test_audit_v6" name="test_saved_data_replay_rejects_tampered_transcript[unknown_changes_action]" time="0.024" /><testcase classname="tests.test_audit_v6" name="test_saved_data_replay_rejects_tampered_transcript[negative_program]" time="0.033" /><testcase classname="tests.test_audit_v6" name="test_saved_data_replay_rejects_tampered_transcript[guard_flag_bypass]" time="0.025" /><testcase classname="tests.test_clbench_core" name="test_ledger_requires_matched_feedback_and_preserves_empty_observation" time="0.000" /><testcase classname="tests.test_clbench_core" name="test_ledger_is_immutable_and_reset_removes_all_learned_state" time="0.000" /><testcase classname="tests.test_clbench_core" name="test_ledger_schema_identity_and_raw_post_action_feedback" time="0.000" /><testcase classname="tests.test_clbench_core" name="test_usage_rejects_invalid_token_counts[-1]" time="0.000" /><testcase classname="tests.test_clbench_core" name="test_usage_rejects_invalid_token_counts[True]" time="0.000" /><testcase classname="tests.test_clbench_core" name="test_usage_rejects_invalid_token_counts[1.5]" time="0.000" /><testcase classname="tests.test_clbench_core" name="test_usage_rejects_invalid_cost[-0.1]" time="0.000" /><testcase classname="tests.test_clbench_core" name="test_usage_rejects_invalid_cost[True]" time="0.000" /><testcase classname="tests.test_clbench_core" name="test_usage_rejects_invalid_cost[inf]" time="0.000" /><testcase classname="tests.test_clbench_core" name="test_usage_rejects_invalid_cost[nan]" time="0.000" /><testcase classname="tests.test_clbench_core" name="test_missing_usage_is_unknown_and_reply_requires_accounting" time="0.000" /><testcase classname="tests.test_clbench_core" name="test_native_certification_unconditionally_abstains" time="0.000" /><testcase classname="tests.test_clbench_native" name="test_actual_upstream_icl_visible_history_and_fifo_parity" time="0.000"><skipped type="pytest.skip" message="optional native CL-Bench checkout not selected">/mnt/c/Users/Sam/Documents/Codex/2026-09-08/we-are-working-together-on-open-2/outputs/witness-cl/tests/test_clbench_native.py:71: optional native CL-Bench checkout not selected</skipped></testcase><testcase classname="tests.test_clbench_native" name="test_metadata_and_query_feedback_never_enter_transport" time="0.000"><skipped type="pytest.skip" message="optional native CL-Bench checkout not selected">/mnt/c/Users/Sam/Documents/Codex/2026-09-08/we-are-working-together-on-open-2/outputs/witness-cl/tests/test_clbench_native.py:94: optional native CL-Bench checkout not selected</skipped></testcase><testcase classname="tests.test_clbench_native" name="test_schema_failure_retains_usage_and_has_no_successful_experience" time="0.000"><skipped type="pytest.skip" message="optional native CL-Bench checkout not selected">/mnt/c/Users/Sam/Documents/Codex/2026-09-08/we-are-working-together-on-open-2/outputs/witness-cl/tests/test_clbench_native.py:111: optional native CL-Bench checkout not selected</skipped></testcase><testcase classname="tests.test_clbench_native" name="test_failed_transport_retains_known_cost_and_unknown_is_not_zero" time="0.000"><skipped type="pytest.skip" message="optional native CL-Bench checkout not selected">/mnt/c/Users/Sam/Documents/Codex/2026-09-08/we-are-working-together-on-open-2/outputs/witness-cl/tests/test_clbench_native.py:122: optional native CL-Bench checkout not selected</skipped></testcase><testcase classname="tests.test_clbench_native" name="test_reset_clears_memory_and_transport_but_preserves_undrained_usage" time="0.000"><skipped type="pytest.skip" message="optional native CL-Bench checkout not selected">/mnt/c/Users/Sam/Documents/Codex/2026-09-08/we-are-working-together-on-open-2/outputs/witness-cl/tests/test_clbench_native.py:135: optional native CL-Bench checkout not selected</skipped></testcase><testcase classname="tests.test_clbench_native" name="test_actual_native_runner_sqlite_feedback_and_instance_reset[False]" time="0.000"><skipped type="pytest.skip" message="optional native CL-Bench checkout not selected">/mnt/c/Users/Sam/Documents/Codex/2026-09-08/we-are-working-together-on-open-2/outputs/witness-cl/tests/test_clbench_native.py:180: optional native CL-Bench checkout not selected</skipped></testcase><testcase classname="tests.test_clbench_native" name="test_actual_native_runner_sqlite_feedback_and_instance_reset[True]" time="0.000"><skipped type="pytest.skip" message="optional native CL-Bench checkout not selected">/mnt/c/Users/Sam/Documents/Codex/2026-09-08/we-are-working-together-on-open-2/outputs/witness-cl/tests/test_clbench_native.py:180: optional native CL-Bench checkout not selected</skipped></testcase><testcase classname="tests.test_clbench_native" name="test_retry_usage_records_count_transport_duration_once" time="0.000"><skipped type="pytest.skip" message="optional native CL-Bench checkout not selected">/mnt/c/Users/Sam/Documents/Codex/2026-09-08/we-are-working-together-on-open-2/outputs/witness-cl/tests/test_clbench_native.py:204: optional native CL-Bench checkout not selected</skipped></testcase><testcase classname="tests.test_core" name="test_truth_never_eliminated_and_certificates_correct[2]" time="0.001" /><testcase classname="tests.test_core" name="test_truth_never_eliminated_and_certificates_correct[3]" time="0.004" /><testcase classname="tests.test_core" name="test_truth_never_eliminated_and_certificates_correct[5]" time="0.032" /><testcase classname="tests.test_core" name="test_truth_never_eliminated_and_certificates_correct[7]" time="0.144" /><testcase classname="tests.test_core" name="test_full_replay_has_identical_actions[0]" time="0.014" /><testcase classname="tests.test_core" name="test_full_replay_has_identical_actions[1]" time="0.015" /><testcase classname="tests.test_core" name="test_full_replay_has_identical_actions[2]" time="0.014" /><testcase classname="tests.test_core" name="test_full_replay_has_identical_actions[3]" time="0.016" /><testcase classname="tests.test_core" name="test_full_replay_has_identical_actions[4]" time="0.012" /><testcase classname="tests.test_core" name="test_full_replay_has_identical_actions[5]" time="0.011" /><testcase classname="tests.test_core" name="test_full_replay_has_identical_actions[6]" time="0.014" /><testcase classname="tests.test_core" name="test_full_replay_has_identical_actions[7]" time="0.015" /><testcase classname="tests.test_core" name="test_two_successes_identify_affine_map_and_transfer" time="0.001" /><testcase classname="tests.test_core" name="test_other_scope_update_is_exactly_noninterfering" time="0.000" /><testcase classname="tests.test_core" name="test_empty_class_is_quarantined_not_vacuously_certified" time="0.000" /><testcase classname="tests.test_core" name="test_duplicate_episode_rejected" time="0.000" /><testcase classname="tests.test_core" name="test_hidden_shift_can_break_certificate_before_detection" time="0.000" /><testcase classname="tests.test_core" name="test_public_new_version_does_not_reuse_old_certificate" time="0.000" /><testcase classname="tests.test_core" name="test_misspecification_can_pass_observations_then_fail" time="0.000" /><testcase classname="tests.test_core" name="test_revoke_scope_fails_closed" time="0.000" /><testcase classname="tests.test_core" name="test_witness_subset_reconstructs_full_history_and_size_bound[0]" time="0.007" /><testcase classname="tests.test_core" name="test_witness_subset_reconstructs_full_history_and_size_bound[1]" time="0.011" /><testcase classname="tests.test_core" name="test_witness_subset_reconstructs_full_history_and_size_bound[2]" time="0.011" /><testcase classname="tests.test_core" name="test_witness_subset_reconstructs_full_history_and_size_bound[3]" time="0.006" /><testcase classname="tests.test_core" name="test_witness_subset_reconstructs_full_history_and_size_bound[4]" time="0.007" /><testcase classname="tests.test_core" name="test_witness_subset_reconstructs_full_history_and_size_bound[5]" time="0.008" /><testcase classname="tests.test_core" name="test_witness_subset_reconstructs_full_history_and_size_bound[6]" time="0.007" /><testcase classname="tests.test_core" name="test_witness_subset_reconstructs_full_history_and_size_bound[7]" time="0.006" /><testcase classname="tests.test_core" name="test_witness_compression_also_reconstructs_contradiction" time="0.000" /><testcase classname="tests.test_core" name="test_large_window_replay_matches_full" time="0.001" /><testcase classname="tests.test_formal_v6" name="test_lean_fixture_matches_audited_sources" time="0.104" /><testcase classname="tests.test_formal_v6" name="test_exhaustive_fixture_coverage" time="0.010" /><testcase classname="tests.test_formal_v6" name="test_python_machine_and_program_word_match_lean" time="0.068" /><testcase classname="tests.test_formal_v6" name="test_python_partial_table_filter_matches_lean_history_filter" time="0.655" /><testcase classname="tests.test_formal_v6" name="test_conflicting_observations_break_the_stationary_contract" time="0.004" /><testcase classname="tests.test_ledger_and_dsl" name="test_dsl_rejects_nonlanguage_programs[payload0]" time="0.000" /><testcase classname="tests.test_ledger_and_dsl" name="test_dsl_rejects_nonlanguage_programs[payload1]" time="0.000" /><testcase classname="tests.test_ledger_and_dsl" name="test_dsl_rejects_nonlanguage_programs[payload2]" time="0.000" /><testcase classname="tests.test_ledger_and_dsl" name="test_dsl_rejects_nonlanguage_programs[payload3]" time="0.000" /><testcase classname="tests.test_ledger_and_dsl" name="test_dsl_rejects_nonlanguage_programs[payload4]" time="0.000" /><testcase classname="tests.test_ledger_and_dsl" name="test_dsl_roundtrip" time="0.000" /><testcase classname="tests.test_ledger_and_dsl" name="test_evidence_roundtrip_rebuilds_learner" time="0.006" /><testcase classname="tests.test_ledger_and_dsl" name="test_log_detects_partial_tampering" time="0.003" /><testcase classname="tests.test_ledger_and_dsl" name="test_wrong_trusted_head_rejected" time="0.001" /><testcase classname="tests.test_ledger_and_dsl" name="test_no_untrusted_string_feedback" time="0.000" /><testcase classname="tests.test_llm_client" name="test_bad_outputs_are_invalid_without_retry[no]" time="0.000" /><testcase classname="tests.test_llm_client" name="test_bad_outputs_are_invalid_without_retry[{&quot;action&quot;:true}]" time="0.000" /><testcase classname="tests.test_llm_client" name="test_bad_outputs_are_invalid_without_retry[{&quot;action&quot;:7}]" time="0.000" /><testcase classname="tests.test_llm_client" name="test_bad_outputs_are_invalid_without_retry[{&quot;action&quot;:1,&quot;run&quot;:&quot;rm&quot;}]" time="0.000" /><testcase classname="tests.test_llm_client" name="test_bad_outputs_are_invalid_without_retry[```json\n{&quot;action&quot;:1}\n```]" time="0.000" /><testcase classname="tests.test_llm_client" name="test_bad_outputs_are_invalid_without_retry[{&quot;action&quot;:1.0}]" time="0.000" /><testcase classname="tests.test_llm_client" name="test_bad_outputs_are_invalid_without_retry[{&quot;action&quot;:-1}]" time="0.000" /><testcase classname="tests.test_llm_client" name="test_good_output" time="0.000" /><testcase classname="tests.test_llm_client" name="test_remote_needs_explicit_permission" time="0.000" /><testcase classname="tests.test_llm_client" name="test_mock_client_records_usage_and_fixed_model" time="0.016" /><testcase classname="tests.test_llm_client" name="test_missing_usage_is_unknown_not_zero" time="0.014" /><testcase classname="tests.test_local_pilot_v5" name="test_visible_payload_has_no_evaluator_state" time="0.000" /><testcase classname="tests.test_local_pilot_v5" name="test_rejection_counts_call_and_anchor" time="0.000" /><testcase classname="tests.test_local_pilot_v5" name="test_mock_pilot_accounts_once_per_model_episode_and_preserves_outputs" time="0.019" /><testcase classname="tests.test_local_pilot_v5" name="test_failure_is_durable_not_fabricated_success" time="0.005" /><testcase classname="tests.test_local_pilot_v5" name="test_incomplete_usage_is_flagged_and_rejections_are_not_proposal_execution" time="0.006" /><testcase classname="tests.test_online_ridge" name="test_online_updates_equal_regularized_batch_solution" time="0.013" /><testcase classname="tests.test_online_ridge" name="test_distinct_online_modules_do_not_interfere" time="0.001" /><testcase classname="tests.test_online_ridge" name="test_binary_failure_does_not_invent_a_label" time="0.000" /><testcase classname="tests.test_probe_v6" name="test_complementarity_all_worlds_returns_10_at_zero_risk[0-DepthTwoProbeAgent]" time="0.093" /><testcase classname="tests.test_probe_v6" name="test_complementarity_all_worlds_returns_10_at_zero_risk[0-InformativeZeroLossAgent]" time="0.084" /><testcase classname="tests.test_probe_v6" name="test_complementarity_all_worlds_returns_10_at_zero_risk[0-OptimisticProbeAgent]" time="0.086" /><testcase classname="tests.test_probe_v6" name="test_complementarity_all_worlds_returns_10_at_zero_risk[1-DepthTwoProbeAgent]" time="0.097" /><testcase classname="tests.test_probe_v6" name="test_complementarity_all_worlds_returns_10_at_zero_risk[1-InformativeZeroLossAgent]" time="0.087" /><testcase classname="tests.test_probe_v6" name="test_complementarity_all_worlds_returns_10_at_zero_risk[1-OptimisticProbeAgent]" time="0.089" /><testcase classname="tests.test_probe_v6" name="test_complementarity_all_worlds_returns_10_at_zero_risk[2-DepthTwoProbeAgent]" time="0.097" /><testcase classname="tests.test_probe_v6" name="test_complementarity_all_worlds_returns_10_at_zero_risk[2-InformativeZeroLossAgent]" time="0.099" /><testcase classname="tests.test_probe_v6" name="test_complementarity_all_worlds_returns_10_at_zero_risk[2-OptimisticProbeAgent]" time="0.087" /><testcase classname="tests.test_probe_v6" name="test_complementarity_all_worlds_returns_10_at_zero_risk[3-DepthTwoProbeAgent]" time="0.100" /><testcase classname="tests.test_probe_v6" name="test_complementarity_all_worlds_returns_10_at_zero_risk[3-InformativeZeroLossAgent]" time="0.087" /><testcase classname="tests.test_probe_v6" name="test_complementarity_all_worlds_returns_10_at_zero_risk[3-OptimisticProbeAgent]" time="0.089" /><testcase classname="tests.test_probe_v6" name="test_plan_pure_and_immutable[DepthTwoProbeAgent]" time="0.035" /><testcase classname="tests.test_probe_v6" name="test_plan_pure_and_immutable[InformativeZeroLossAgent]" time="0.030" /><testcase classname="tests.test_probe_v6" name="test_plan_pure_and_immutable[OptimisticProbeAgent]" time="0.031" /><testcase classname="tests.test_probe_v6" name="test_work_boundary_exact_at_limit_unknown_one_event_before[DepthTwoProbeAgent]" time="0.125" /><testcase classname="tests.test_probe_v6" name="test_work_boundary_exact_at_limit_unknown_one_event_before[InformativeZeroLossAgent]" time="0.090" /><testcase classname="tests.test_probe_v6" name="test_work_boundary_exact_at_limit_unknown_one_event_before[OptimisticProbeAgent]" time="0.089" /><testcase classname="tests.test_probe_v6" name="test_tiny_elapsed_limit_unknown_no_mutation[DepthTwoProbeAgent]" time="0.015" /><testcase classname="tests.test_probe_v6" name="test_tiny_elapsed_limit_unknown_no_mutation[InformativeZeroLossAgent]" time="0.025" /><testcase classname="tests.test_probe_v6" name="test_tiny_elapsed_limit_unknown_no_mutation[OptimisticProbeAgent]" time="0.017" /><testcase classname="tests.test_probe_v6" name="test_malformed_proposals_fail_closed[rank0]" time="0.022" /><testcase classname="tests.test_probe_v6" name="test_malformed_proposals_fail_closed[rank1]" time="0.018" /><testcase classname="tests.test_probe_v6" name="test_malformed_proposals_fail_closed[rank2]" time="0.020" /><testcase classname="tests.test_probe_v6" name="test_malformed_proposals_fail_closed[rank3]" time="0.020" /><testcase classname="tests.test_probe_v6" name="test_malformed_proposals_fail_closed[rank4]" time="0.019" /><testcase classname="tests.test_probe_v6" name="test_malformed_proposals_fail_closed[rank5]" time="0.019" /><testcase classname="tests.test_probe_v6" name="test_trace_hook_restored_on_exact_limit_and_unexpected_exception" time="0.071" /><testcase classname="tests.test_probe_v6" name="test_duplicate_completion_work_is_bounded_before_dedup_yield" time="0.207" /><testcase classname="tests.test_probe_v6" name="test_invalid_feedback_ticket_or_action_cannot_update_state[DepthTwoProbeAgent]" time="0.036" /><testcase classname="tests.test_probe_v6" name="test_invalid_feedback_ticket_or_action_cannot_update_state[InformativeZeroLossAgent]" time="0.030" /><testcase classname="tests.test_probe_v6" name="test_invalid_feedback_ticket_or_action_cannot_update_state[OptimisticProbeAgent]" time="0.031" /><testcase classname="tests.test_probe_v6" name="test_unknown_checker_and_incomplete_class_do_not_promote[DepthTwoProbeAgent]" time="0.041" /><testcase classname="tests.test_probe_v6" name="test_unknown_checker_and_incomplete_class_do_not_promote[InformativeZeroLossAgent]" time="0.042" /><testcase classname="tests.test_probe_v6" name="test_unknown_checker_and_incomplete_class_do_not_promote[OptimisticProbeAgent]" time="0.042" /><testcase classname="tests.test_probe_v6" name="test_all_real_episode_debits_remain_nonrefundable[DepthTwoProbeAgent]" time="0.147" /><testcase classname="tests.test_probe_v6" name="test_all_real_episode_debits_remain_nonrefundable[InformativeZeroLossAgent]" time="0.155" /><testcase classname="tests.test_probe_v6" name="test_all_real_episode_debits_remain_nonrefundable[OptimisticProbeAgent]" time="0.142" /><testcase classname="tests.test_probe_v6" name="test_depth_two_limit_three_bit_parity_stalls_but_cheap_probes_solve" time="0.289" /><testcase classname="tests.test_probe_v6" name="test_invalid_resource_limits_rejected[max_work-0]" time="0.001" /><testcase classname="tests.test_probe_v6" name="test_invalid_resource_limits_rejected[max_work-True]" time="0.000" /><testcase classname="tests.test_probe_v6" name="test_invalid_resource_limits_rejected[max_seconds-inf]" time="0.000" /><testcase classname="tests.test_probe_v6" name="test_invalid_resource_limits_rejected[max_seconds-0]" time="0.000" /><testcase classname="tests.test_probe_v6" name="test_invalid_resource_limits_rejected[max_models-0]" time="0.000" /><testcase classname="tests.test_probe_v6" name="test_model_cap_never_truncates_into_a_certificate" time="0.031" /><testcase classname="tests.test_probe_v6" name="test_program_registry_rejects_executable_untyped_proposals" time="0.001" /><testcase classname="tests.test_probe_v6" name="test_trace_scope_canonicalizes_file_aliases[relative]" time="0.019" /><testcase classname="tests.test_probe_v6" name="test_trace_scope_canonicalizes_file_aliases[symlink]" time="0.021" /><testcase classname="tests.test_probe_v6" name="test_global_branch_threshold_avoids_unnecessary_debit" time="0.000" /><testcase classname="tests.test_probe_v6" name="test_threshold_frontier_matches_cartesian_plan_enumeration" time="0.012" /><testcase classname="tests.test_probe_v6_review" name="test_cheap_decision_edges_detect_free_parity_probes[2]" time="0.001" /><testcase classname="tests.test_probe_v6_review" name="test_cheap_decision_edges_detect_free_parity_probes[3]" time="0.001" /><testcase classname="tests.test_probe_v6_review" name="test_greedy_zero_loss_edge_diagnostic_resolves_every_parity_world[2]" time="0.002" /><testcase classname="tests.test_probe_v6_review" name="test_greedy_zero_loss_edge_diagnostic_resolves_every_parity_world[3]" time="0.006" /><testcase classname="tests.test_probe_v6_review" name="test_planning_is_pure_and_preserves_existing_trace_hook[DepthTwoProbeAgent]" time="0.036" /><testcase classname="tests.test_probe_v6_review" name="test_planning_is_pure_and_preserves_existing_trace_hook[InformativeZeroLossAgent]" time="0.029" /><testcase classname="tests.test_probe_v6_review" name="test_planning_is_pure_and_preserves_existing_trace_hook[OptimisticProbeAgent]" time="0.029" /><testcase classname="tests.test_probe_v6_review" name="test_unexpected_planning_failure_restores_trace_without_mutation[RuntimeError-DepthTwoProbeAgent]" time="0.019" /><testcase classname="tests.test_probe_v6_review" name="test_unexpected_planning_failure_restores_trace_without_mutation[RuntimeError-InformativeZeroLossAgent]" time="0.019" /><testcase classname="tests.test_probe_v6_review" name="test_unexpected_planning_failure_restores_trace_without_mutation[RuntimeError-OptimisticProbeAgent]" time="0.019" /><testcase classname="tests.test_probe_v6_review" name="test_unexpected_planning_failure_restores_trace_without_mutation[KeyboardInterrupt-DepthTwoProbeAgent]" time="0.019" /><testcase classname="tests.test_probe_v6_review" name="test_unexpected_planning_failure_restores_trace_without_mutation[KeyboardInterrupt-InformativeZeroLossAgent]" time="0.019" /><testcase classname="tests.test_probe_v6_review" name="test_unexpected_planning_failure_restores_trace_without_mutation[KeyboardInterrupt-OptimisticProbeAgent]" time="0.019" /><testcase classname="tests.test_probe_v6_review" name="test_work_interruption_before_commit_does_not_admit_partial_result[DepthTwoProbeAgent]" time="0.102" /><testcase classname="tests.test_probe_v6_review" name="test_work_interruption_before_commit_does_not_admit_partial_result[InformativeZeroLossAgent]" time="0.083" /><testcase classname="tests.test_probe_v6_review" name="test_work_interruption_before_commit_does_not_admit_partial_result[OptimisticProbeAgent]" time="0.084" /><testcase classname="tests.test_probe_v6_review" name="test_expired_cooperative_deadline_preserves_evidence_and_incumbent[DepthTwoProbeAgent]" time="0.014" /><testcase classname="tests.test_probe_v6_review" name="test_expired_cooperative_deadline_preserves_evidence_and_incumbent[InformativeZeroLossAgent]" time="0.014" /><testcase classname="tests.test_probe_v6_review" name="test_expired_cooperative_deadline_preserves_evidence_and_incumbent[OptimisticProbeAgent]" time="0.014" /><testcase classname="tests.test_probe_v6_review" name="test_duplicate_cover_work_cannot_hide_behind_distinct_model_limit" time="0.032" /><testcase classname="tests.test_probe_v6_review" name="test_profile_construction_work_is_charged_before_planning" time="0.031" /><testcase classname="tests.test_probe_v6_review" name="test_each_reported_second_probe_has_exact_branch_local_debit" time="0.037" /><testcase classname="tests.test_probe_v6_review" name="test_completed_plan_is_not_reused_after_real_observation_or_goal_change" time="0.130" /><testcase classname="tests.test_probe_v6_review" name="test_duplicate_profile_attempts_are_charged_before_distinct_model_yield" time="0.028" /><testcase classname="tests.test_probe_v6_review" name="test_positive_branch_cost_requires_path_budget_and_is_charged_on_execution[0]" time="0.997" /><testcase classname="tests.test_probe_v6_review" name="test_positive_branch_cost_requires_path_budget_and_is_charged_on_execution[1]" time="1.119" /><testcase classname="tests.test_probe_v6_review" name="test_positive_branch_cost_requires_path_budget_and_is_charged_on_execution[2]" time="1.010" /><testcase classname="tests.test_probe_v6_review" name="test_positive_branch_cost_requires_path_budget_and_is_charged_on_execution[3]" time="0.989" /><testcase classname="tests.test_probe_v6_review" name="test_positive_branch_cost_requires_path_budget_and_is_charged_on_execution[5]" time="1.016" /><testcase classname="tests.test_probe_v6_review" name="test_final_checker_failure_discards_completed_promotion" time="0.035" /><testcase classname="tests.test_probe_v6_review" name="test_identical_json_frozen_configuration_passes_preflight" time="0.619" /><testcase classname="tests.test_probe_v6_review" name="test_frozen_configuration_rejects_changed_caps_or_population[override0]" time="0.168" /><testcase classname="tests.test_probe_v6_review" name="test_frozen_configuration_rejects_changed_caps_or_population[override1]" time="0.165" /><testcase classname="tests.test_probe_v6_review" name="test_frozen_configuration_rejects_changed_caps_or_population[override2]" time="0.169" /><testcase classname="tests.test_probe_v6_review" name="test_frozen_configuration_rejects_changed_caps_or_population[override3]" time="0.166" /><testcase classname="tests.test_probe_v6_review" name="test_frozen_configuration_rejects_changed_caps_or_population[override4]" time="0.167" /><testcase classname="tests.test_v2" name="test_growth_must_replay_previously_discarded_evidence" time="0.000" /><testcase classname="tests.test_v2" name="test_growth_transactional_and_replays_exactly" time="0.001" /><testcase classname="tests.test_v2" name="test_witness_growth_randomized[0]" time="0.000" /><testcase classname="tests.test_v2" name="test_witness_growth_randomized[1]" time="0.001" /><testcase classname="tests.test_v2" name="test_witness_growth_randomized[2]" time="0.001" /><testcase classname="tests.test_v2" name="test_witness_growth_randomized[3]" time="0.001" /><testcase classname="tests.test_v2" name="test_witness_growth_randomized[4]" time="0.001" /><testcase classname="tests.test_v2" name="test_recurring_archive_is_not_overwritten" time="0.001" /><testcase classname="tests.test_v2" name="test_growth_repairs_misspecification" time="0.000" /><testcase classname="tests.test_v2" name="test_screened_matches_zero_padded_eprocess_exactly" time="0.003" /><testcase classname="tests.test_v2" name="test_screened_rejects_counterfactual_and_changed_guard" time="0.000" /><testcase classname="tests.test_v2" name="test_randomized_centered_estimator_exact_unbiasedness[r10-r00-e0]" time="0.000" /><testcase classname="tests.test_v2" name="test_randomized_centered_estimator_exact_unbiasedness[r10-r00-e1]" time="0.000" /><testcase classname="tests.test_v2" name="test_randomized_centered_estimator_exact_unbiasedness[r10-r00-e2]" time="0.001" /><testcase classname="tests.test_v2" name="test_randomized_centered_estimator_exact_unbiasedness[r10-r01-e0]" time="0.000" /><testcase classname="tests.test_v2" name="test_randomized_centered_estimator_exact_unbiasedness[r10-r01-e1]" time="0.000" /><testcase classname="tests.test_v2" name="test_randomized_centered_estimator_exact_unbiasedness[r10-r01-e2]" time="0.000" /><testcase classname="tests.test_v2" name="test_randomized_centered_estimator_exact_unbiasedness[r10-r02-e0]" time="0.000" /><testcase classname="tests.test_v2" name="test_randomized_centered_estimator_exact_unbiasedness[r10-r02-e1]" time="0.000" /><testcase classname="tests.test_v2" name="test_randomized_centered_estimator_exact_unbiasedness[r10-r02-e2]" time="0.001" /><testcase classname="tests.test_v2" name="test_randomized_centered_estimator_exact_unbiasedness[r11-r00-e0]" time="0.001" /><testcase classname="tests.test_v2" name="test_randomized_centered_estimator_exact_unbiasedness[r11-r00-e1]" time="0.000" /><testcase classname="tests.test_v2" name="test_randomized_centered_estimator_exact_unbiasedness[r11-r00-e2]" time="0.000" /><testcase classname="tests.test_v2" name="test_randomized_centered_estimator_exact_unbiasedness[r11-r01-e0]" time="0.001" /><testcase classname="tests.test_v2" name="test_randomized_centered_estimator_exact_unbiasedness[r11-r01-e1]" time="0.000" /><testcase classname="tests.test_v2" name="test_randomized_centered_estimator_exact_unbiasedness[r11-r01-e2]" time="0.001" /><testcase classname="tests.test_v2" name="test_randomized_centered_estimator_exact_unbiasedness[r11-r02-e0]" time="0.000" /><testcase classname="tests.test_v2" name="test_randomized_centered_estimator_exact_unbiasedness[r11-r02-e1]" time="0.000" /><testcase classname="tests.test_v2" name="test_randomized_centered_estimator_exact_unbiasedness[r11-r02-e2]" time="0.000" /><testcase classname="tests.test_v2" name="test_randomized_centered_estimator_exact_unbiasedness[r12-r00-e0]" time="0.000" /><testcase classname="tests.test_v2" name="test_randomized_centered_estimator_exact_unbiasedness[r12-r00-e1]" time="0.001" /><testcase classname="tests.test_v2" name="test_randomized_centered_estimator_exact_unbiasedness[r12-r00-e2]" time="0.001" /><testcase classname="tests.test_v2" name="test_randomized_centered_estimator_exact_unbiasedness[r12-r01-e0]" time="0.000" /><testcase classname="tests.test_v2" name="test_randomized_centered_estimator_exact_unbiasedness[r12-r01-e1]" time="0.000" /><testcase classname="tests.test_v2" name="test_randomized_centered_estimator_exact_unbiasedness[r12-r01-e2]" time="0.000" /><testcase classname="tests.test_v2" name="test_randomized_centered_estimator_exact_unbiasedness[r12-r02-e0]" time="0.000" /><testcase classname="tests.test_v2" name="test_randomized_centered_estimator_exact_unbiasedness[r12-r02-e1]" time="0.000" /><testcase classname="tests.test_v2" name="test_randomized_centered_estimator_exact_unbiasedness[r12-r02-e2]" time="0.000" /><testcase classname="tests.test_v2" name="test_randomized_no_hidden_reward_and_stale_comparator" time="0.001" /><testcase classname="tests.test_v2" name="test_protected_residual_and_capacity[0]" time="0.002" /><testcase classname="tests.test_v2" name="test_protected_residual_and_capacity[1]" time="0.002" /><testcase classname="tests.test_v2" name="test_protected_residual_and_capacity[2]" time="0.002" /><testcase classname="tests.test_v2" name="test_protected_residual_and_capacity[3]" time="0.004" /><testcase classname="tests.test_v2" name="test_protected_residual_and_capacity[4]" time="0.002" /><testcase classname="tests.test_v2" name="test_relational_interpreter_matches_sqlite[0]" time="0.014" /><testcase classname="tests.test_v2" name="test_relational_interpreter_matches_sqlite[1]" time="0.007" /><testcase classname="tests.test_v2" name="test_relational_interpreter_matches_sqlite[2]" time="0.009" /><testcase classname="tests.test_v2" name="test_relational_interpreter_matches_sqlite[3]" time="0.005" /><testcase classname="tests.test_v2" name="test_relational_interpreter_matches_sqlite[4]" time="0.009" /><testcase classname="tests.test_v2" name="test_relational_interpreter_matches_sqlite[5]" time="0.008" /><testcase classname="tests.test_v2" name="test_relational_guard_and_injection" time="0.000" /><testcase classname="tests.test_v2" name="test_fixedshare_floor_and_bandit_only_update[0]" time="0.004" /><testcase classname="tests.test_v2" name="test_fixedshare_floor_and_bandit_only_update[1]" time="0.006" /><testcase classname="tests.test_v2" name="test_fixedshare_floor_and_bandit_only_update[2]" time="0.005" /><testcase classname="tests.test_v2" name="test_fixedshare_floor_and_bandit_only_update[3]" time="0.004" /><testcase classname="tests.test_v2" name="test_fixedshare_floor_and_bandit_only_update[4]" time="0.004" /><testcase classname="tests.test_v2" name="test_bitset_tail_and_consensus[0]" time="0.000" /><testcase classname="tests.test_v2" name="test_bitset_tail_and_consensus[1]" time="0.001" /><testcase classname="tests.test_v2" name="test_bitset_tail_and_consensus[31]" time="0.001" /><testcase classname="tests.test_v2" name="test_bitset_tail_and_consensus[32]" time="0.001" /><testcase classname="tests.test_v2" name="test_bitset_tail_and_consensus[33]" time="0.001" /><testcase classname="tests.test_v2" name="test_bitset_tail_and_consensus[63]" time="0.001" /><testcase classname="tests.test_v2" name="test_bitset_tail_and_consensus[64]" time="0.001" /><testcase classname="tests.test_v2" name="test_bitset_tail_and_consensus[65]" time="0.001" /><testcase classname="tests.test_v2" name="test_bitset_tail_and_consensus[129]" time="0.001" /><testcase classname="tests.test_v2" name="test_predictable_audit_zero_padding_and_identity" time="0.005" /><testcase classname="tests.test_v2" name="test_integrated_system_learns_with_single_observed_reward" time="0.009" /><testcase classname="tests.test_v2" name="test_integrated_promotion_snapshot_has_birth_cut" time="0.000" /><testcase classname="tests.test_v2" name="test_integrated_explores_before_identification" time="0.001" /><testcase classname="tests.test_v2" name="test_shared_predicate_cube[0]" time="0.002" /><testcase classname="tests.test_v2" name="test_shared_predicate_cube[1]" time="0.002" /><testcase classname="tests.test_v2" name="test_shared_predicate_cube[2]" time="0.002" /><testcase classname="tests.test_v2" name="test_shared_predicate_cube[3]" time="0.002" /><testcase classname="tests.test_v2" name="test_shared_predicate_cube[4]" time="0.002" /><testcase classname="tests.test_v2" name="test_shared_predicate_cube[5]" time="0.003" /><testcase classname="tests.test_v2" name="test_shared_predicate_cube[6]" time="0.003" /><testcase classname="tests.test_v2" name="test_shared_predicate_cube[7]" time="0.003" /><testcase classname="tests.test_v2" name="test_model_plan_parser_rejects_ambient_code_and_bad_type" time="0.000" /><testcase classname="tests.test_v3_continuation" name="test_full_horizon_improvement[0]" time="0.001" /><testcase classname="tests.test_v3_continuation" name="test_full_horizon_improvement[1]" time="0.001" /><testcase classname="tests.test_v3_continuation" name="test_full_horizon_improvement[2]" time="0.001" /><testcase classname="tests.test_v3_continuation" name="test_full_horizon_improvement[3]" time="0.001" /><testcase classname="tests.test_v3_continuation" name="test_full_horizon_improvement[4]" time="0.001" /><testcase classname="tests.test_v3_continuation" name="test_full_horizon_improvement[5]" time="0.001" /><testcase classname="tests.test_v3_continuation" name="test_full_horizon_improvement[6]" time="0.001" /><testcase classname="tests.test_v3_continuation" name="test_full_horizon_improvement[7]" time="0.001" /><testcase classname="tests.test_v3_continuation" name="test_full_horizon_improvement[8]" time="0.001" /><testcase classname="tests.test_v3_continuation" name="test_full_horizon_improvement[9]" time="0.001" /><testcase classname="tests.test_v3_continuation" name="test_full_horizon_improvement[10]" time="0.001" /><testcase classname="tests.test_v3_continuation" name="test_full_horizon_improvement[11]" time="0.001" /><testcase classname="tests.test_v3_continuation" name="test_full_horizon_improvement[12]" time="0.001" /><testcase classname="tests.test_v3_continuation" name="test_full_horizon_improvement[13]" time="0.001" /><testcase classname="tests.test_v3_continuation" name="test_full_horizon_improvement[14]" time="0.001" /><testcase classname="tests.test_v3_continuation" name="test_full_horizon_improvement[15]" time="0.001" /><testcase classname="tests.test_v3_continuation" name="test_full_horizon_improvement[16]" time="0.001" /><testcase classname="tests.test_v3_continuation" name="test_full_horizon_improvement[17]" time="0.001" /><testcase classname="tests.test_v3_continuation" name="test_full_horizon_improvement[18]" time="0.002" /><testcase classname="tests.test_v3_continuation" name="test_full_horizon_improvement[19]" time="0.001" /><testcase classname="tests.test_v3_continuation" name="test_full_horizon_improvement[20]" time="0.001" /><testcase classname="tests.test_v3_continuation" name="test_full_horizon_improvement[21]" time="0.001" /><testcase classname="tests.test_v3_continuation" name="test_full_horizon_improvement[22]" time="0.001" /><testcase classname="tests.test_v3_continuation" name="test_full_horizon_improvement[23]" time="0.001" /><testcase classname="tests.test_v3_continuation" name="test_full_horizon_improvement[24]" time="0.001" /><testcase classname="tests.test_v3_continuation" name="test_full_horizon_improvement[25]" time="0.001" /><testcase classname="tests.test_v3_continuation" name="test_full_horizon_improvement[26]" time="0.001" /><testcase classname="tests.test_v3_continuation" name="test_full_horizon_improvement[27]" time="0.001" /><testcase classname="tests.test_v3_continuation" name="test_full_horizon_improvement[28]" time="0.001" /><testcase classname="tests.test_v3_continuation" name="test_full_horizon_improvement[29]" time="0.001" /><testcase classname="tests.test_v3_continuation" name="test_realized_regret_budget_every_prefix[0]" time="0.003" /><testcase classname="tests.test_v3_continuation" name="test_realized_regret_budget_every_prefix[1]" time="0.006" /><testcase classname="tests.test_v3_continuation" name="test_realized_regret_budget_every_prefix[2]" time="0.004" /><testcase classname="tests.test_v3_continuation" name="test_realized_regret_budget_every_prefix[3]" time="0.004" /><testcase classname="tests.test_v3_continuation" name="test_realized_regret_budget_every_prefix[4]" time="0.003" /><testcase classname="tests.test_v3_continuation" name="test_realized_regret_budget_every_prefix[5]" time="0.004" /><testcase classname="tests.test_v3_continuation" name="test_realized_regret_budget_every_prefix[6]" time="0.004" /><testcase classname="tests.test_v3_continuation" name="test_realized_regret_budget_every_prefix[7]" time="0.003" /><testcase classname="tests.test_v3_continuation" name="test_realized_regret_budget_every_prefix[8]" time="0.004" /><testcase classname="tests.test_v3_continuation" name="test_realized_regret_budget_every_prefix[9]" time="0.004" /><testcase classname="tests.test_v3_continuation" name="test_realized_regret_budget_every_prefix[10]" time="0.003" /><testcase classname="tests.test_v3_continuation" name="test_realized_regret_budget_every_prefix[11]" time="0.003" /><testcase classname="tests.test_v3_continuation" name="test_realized_regret_budget_every_prefix[12]" time="0.003" /><testcase classname="tests.test_v3_continuation" name="test_realized_regret_budget_every_prefix[13]" time="0.004" /><testcase classname="tests.test_v3_continuation" name="test_realized_regret_budget_every_prefix[14]" time="0.004" /><testcase classname="tests.test_v3_continuation" name="test_realized_regret_budget_every_prefix[15]" time="0.004" /><testcase classname="tests.test_v3_continuation" name="test_realized_regret_budget_every_prefix[16]" time="0.004" /><testcase classname="tests.test_v3_continuation" name="test_realized_regret_budget_every_prefix[17]" time="0.003" /><testcase classname="tests.test_v3_continuation" name="test_realized_regret_budget_every_prefix[18]" time="0.004" /><testcase classname="tests.test_v3_continuation" name="test_realized_regret_budget_every_prefix[19]" time="0.003" /><testcase classname="tests.test_v3_continuation" name="test_realized_regret_budget_every_prefix[20]" time="0.003" /><testcase classname="tests.test_v3_continuation" name="test_realized_regret_budget_every_prefix[21]" time="0.003" /><testcase classname="tests.test_v3_continuation" name="test_realized_regret_budget_every_prefix[22]" time="0.003" /><testcase classname="tests.test_v3_continuation" name="test_realized_regret_budget_every_prefix[23]" time="0.005" /><testcase classname="tests.test_v3_continuation" name="test_realized_regret_budget_every_prefix[24]" time="0.004" /><testcase classname="tests.test_v3_continuation" name="test_realized_regret_budget_every_prefix[25]" time="0.003" /><testcase classname="tests.test_v3_continuation" name="test_realized_regret_budget_every_prefix[26]" time="0.003" /><testcase classname="tests.test_v3_continuation" name="test_realized_regret_budget_every_prefix[27]" time="0.003" /><testcase classname="tests.test_v3_continuation" name="test_realized_regret_budget_every_prefix[28]" time="0.003" /><testcase classname="tests.test_v3_continuation" name="test_realized_regret_budget_every_prefix[29]" time="0.004" /><testcase classname="tests.test_v3_continuation" name="test_delayed_harm_rejected_despite_immediate_gain" time="0.000" /><testcase classname="tests.test_v3_continuation" name="test_growth_invalidates_certificate_and_replays_discarded_history" time="0.000" /><testcase classname="tests.test_v3_continuation" name="test_empty_bank_not_vacuously_safe" time="0.000" /><testcase classname="tests.test_v3_continuation" name="test_budget_zero_can_prevent_all_learning" time="0.002" /><testcase classname="tests.test_v3_continuation" name="test_atomic_rejection_and_immutable_inputs" time="0.000" /><testcase classname="tests.test_v3_continuation" name="test_foreign_ticket_and_mid_episode_expansion" time="0.001" /><testcase classname="tests.test_v3_continuation" name="test_hidden_controller_memory_not_discarded" time="0.000" /><testcase classname="tests.test_v3_continuation" name="test_coupling_independent_parity[0]" time="0.000" /><testcase classname="tests.test_v3_continuation" name="test_coupling_independent_parity[1]" time="0.000" /><testcase classname="tests.test_v3_continuation" name="test_coupling_independent_parity[2]" time="0.000" /><testcase classname="tests.test_v3_continuation" name="test_coupling_independent_parity[3]" time="0.000" /><testcase classname="tests.test_v3_continuation" name="test_coupling_independent_parity[4]" time="0.000" /><testcase classname="tests.test_v3_continuation" name="test_coupling_independent_parity[5]" time="0.001" /><testcase classname="tests.test_v3_continuation" name="test_coupling_independent_parity[6]" time="0.000" /><testcase classname="tests.test_v3_continuation" name="test_coupling_independent_parity[7]" time="0.000" /><testcase classname="tests.test_v3_continuation" name="test_coupling_independent_parity[8]" time="0.000" /><testcase classname="tests.test_v3_continuation" name="test_coupling_independent_parity[9]" time="0.000" /><testcase classname="tests.test_v3_continuation" name="test_coupling_independent_parity[10]" time="0.000" /><testcase classname="tests.test_v3_continuation" name="test_coupling_independent_parity[11]" time="0.000" /><testcase classname="tests.test_v3_continuation" name="test_coupling_independent_parity[12]" time="0.000" /><testcase classname="tests.test_v3_continuation" name="test_coupling_independent_parity[13]" time="0.000" /><testcase classname="tests.test_v3_continuation" name="test_coupling_independent_parity[14]" time="0.001" /><testcase classname="tests.test_v3_continuation" name="test_coupling_independent_parity[15]" time="0.001" /><testcase classname="tests.test_v3_continuation" name="test_coupling_independent_parity[16]" time="0.000" /><testcase classname="tests.test_v3_continuation" name="test_coupling_independent_parity[17]" time="0.000" /><testcase classname="tests.test_v3_continuation" name="test_coupling_independent_parity[18]" time="0.000" /><testcase classname="tests.test_v3_continuation" name="test_coupling_independent_parity[19]" time="0.001" /><testcase classname="tests.test_v3_continuation" name="test_closed_protected_domain_not_just_local_agreement" time="0.000" /><testcase classname="tests.test_v3_continuation" name="test_likelihood_noise_does_not_hard_eliminate" time="0.001" /><testcase classname="tests.test_v3_continuation" name="test_likelihood_fixed_horizon_evalue_expectation_exact" time="0.003" /><testcase classname="tests.test_v3_continuation" name="test_likelihood_atomic_validation" time="0.000" /><testcase classname="tests.test_v3_continuation" name="test_hidden_drift_can_harm_before_detection" time="0.001" /><testcase classname="tests.test_v3_continuation" name="test_average_gain_does_not_protect_a_subgroup" time="0.000" /><testcase classname="tests.test_v3_training" name="test_frozen_modules_and_dispatch_do_not_change[0]" time="0.002" /><testcase classname="tests.test_v3_training" name="test_frozen_modules_and_dispatch_do_not_change[1]" time="0.002" /><testcase classname="tests.test_v3_training" name="test_frozen_modules_and_dispatch_do_not_change[2]" time="0.002" /><testcase classname="tests.test_v3_training" name="test_frozen_modules_and_dispatch_do_not_change[3]" time="0.001" /><testcase classname="tests.test_v3_training" name="test_frozen_modules_and_dispatch_do_not_change[4]" time="0.002" /><testcase classname="tests.test_v3_training" name="test_frozen_modules_and_dispatch_do_not_change[5]" time="0.001" /><testcase classname="tests.test_v3_training" name="test_frozen_modules_and_dispatch_do_not_change[6]" time="0.002" /><testcase classname="tests.test_v3_training" name="test_frozen_modules_and_dispatch_do_not_change[7]" time="0.002" /><testcase classname="tests.test_v3_training" name="test_frozen_modules_and_dispatch_do_not_change[8]" time="0.002" /><testcase classname="tests.test_v3_training" name="test_frozen_modules_and_dispatch_do_not_change[9]" time="0.002" /><testcase classname="tests.test_v3_training" name="test_learns_from_own_feedback" time="0.030" /><testcase classname="tests.test_v3_vector" name="test_exact_scalar_vector_parity[0]" time="0.002" /><testcase classname="tests.test_v3_vector" name="test_exact_scalar_vector_parity[1]" time="0.001" /><testcase classname="tests.test_v3_vector" name="test_exact_scalar_vector_parity[2]" time="0.001" /><testcase classname="tests.test_v3_vector" name="test_exact_scalar_vector_parity[3]" time="0.002" /><testcase classname="tests.test_v3_vector" name="test_exact_scalar_vector_parity[4]" time="0.001" /><testcase classname="tests.test_v3_vector" name="test_exact_scalar_vector_parity[5]" time="0.002" /><testcase classname="tests.test_v3_vector" name="test_exact_scalar_vector_parity[6]" time="0.001" /><testcase classname="tests.test_v3_vector" name="test_exact_scalar_vector_parity[7]" time="0.001" /><testcase classname="tests.test_v3_vector" name="test_exact_scalar_vector_parity[8]" time="0.001" /><testcase classname="tests.test_v3_vector" name="test_exact_scalar_vector_parity[9]" time="0.002" /><testcase classname="tests.test_v3_vector" name="test_exact_scalar_vector_parity[10]" time="0.002" /><testcase classname="tests.test_v3_vector" name="test_exact_scalar_vector_parity[11]" time="0.001" /><testcase classname="tests.test_v3_vector" name="test_exact_scalar_vector_parity[12]" time="0.001" /><testcase classname="tests.test_v3_vector" name="test_exact_scalar_vector_parity[13]" time="0.002" /><testcase classname="tests.test_v3_vector" name="test_exact_scalar_vector_parity[14]" time="0.002" /><testcase classname="tests.test_v3_vector" name="test_exact_scalar_vector_parity[15]" time="0.002" /><testcase classname="tests.test_v3_vector" name="test_exact_scalar_vector_parity[16]" time="0.001" /><testcase classname="tests.test_v3_vector" name="test_exact_scalar_vector_parity[17]" time="0.002" /><testcase classname="tests.test_v3_vector" name="test_exact_scalar_vector_parity[18]" time="0.001" /><testcase classname="tests.test_v3_vector" name="test_exact_scalar_vector_parity[19]" time="0.001" /><testcase classname="tests.test_v3_vector" name="test_overflow_refused" time="0.000" /><testcase classname="tests.test_v4_latent" name="test_exact_trace_space_against_independent_enumeration[0]" time="0.002" /><testcase classname="tests.test_v4_latent" name="test_exact_trace_space_against_independent_enumeration[1]" time="0.003" /><testcase classname="tests.test_v4_latent" name="test_exact_trace_space_against_independent_enumeration[2]" time="0.003" /><testcase classname="tests.test_v4_latent" name="test_exact_trace_space_against_independent_enumeration[3]" time="0.003" /><testcase classname="tests.test_v4_latent" name="test_exact_trace_space_against_independent_enumeration[4]" time="0.002" /><testcase classname="tests.test_v4_latent" name="test_exact_trace_space_against_independent_enumeration[5]" time="0.003" /><testcase classname="tests.test_v4_latent" name="test_exact_trace_space_against_independent_enumeration[6]" time="0.002" /><testcase classname="tests.test_v4_latent" name="test_exact_trace_space_against_independent_enumeration[7]" time="0.002" /><testcase classname="tests.test_v4_latent" name="test_exact_trace_space_against_independent_enumeration[8]" time="0.002" /><testcase classname="tests.test_v4_latent" name="test_exact_trace_space_against_independent_enumeration[9]" time="0.002" /><testcase classname="tests.test_v4_latent" name="test_exact_trace_space_against_independent_enumeration[10]" time="0.003" /><testcase classname="tests.test_v4_latent" name="test_exact_trace_space_against_independent_enumeration[11]" time="0.002" /><testcase classname="tests.test_v4_latent" name="test_symbolic_comparison_exact_extrema_and_counterexample[0]" time="0.001" /><testcase classname="tests.test_v4_latent" name="test_symbolic_comparison_exact_extrema_and_counterexample[1]" time="0.001" /><testcase classname="tests.test_v4_latent" name="test_symbolic_comparison_exact_extrema_and_counterexample[2]" time="0.001" /><testcase classname="tests.test_v4_latent" name="test_symbolic_comparison_exact_extrema_and_counterexample[3]" time="0.001" /><testcase classname="tests.test_v4_latent" name="test_symbolic_comparison_exact_extrema_and_counterexample[4]" time="0.001" /><testcase classname="tests.test_v4_latent" name="test_symbolic_comparison_exact_extrema_and_counterexample[5]" time="0.001" /><testcase classname="tests.test_v4_latent" name="test_symbolic_comparison_exact_extrema_and_counterexample[6]" time="0.001" /><testcase classname="tests.test_v4_latent" name="test_symbolic_comparison_exact_extrema_and_counterexample[7]" time="0.001" /><testcase classname="tests.test_v4_latent" name="test_symbolic_comparison_exact_extrema_and_counterexample[8]" time="0.001" /><testcase classname="tests.test_v4_latent" name="test_symbolic_comparison_exact_extrema_and_counterexample[9]" time="0.001" /><testcase classname="tests.test_v4_latent" name="test_symbolic_comparison_exact_extrema_and_counterexample[10]" time="0.002" /><testcase classname="tests.test_v4_latent" name="test_symbolic_comparison_exact_extrema_and_counterexample[11]" time="0.001" /><testcase classname="tests.test_v4_latent" name="test_symbolic_comparison_exact_extrema_and_counterexample[12]" time="0.001" /><testcase classname="tests.test_v4_latent" name="test_symbolic_comparison_exact_extrema_and_counterexample[13]" time="0.001" /><testcase classname="tests.test_v4_latent" name="test_symbolic_comparison_exact_extrema_and_counterexample[14]" time="0.001" /><testcase classname="tests.test_v4_latent" name="test_symbolic_comparison_exact_extrema_and_counterexample[15]" time="0.002" /><testcase classname="tests.test_v4_latent" name="test_closed_suffix_skips_unread_edges_without_changing_result" time="0.000" /><testcase classname="tests.test_v4_latent" name="test_exhaustion_and_empty_class_never_certify" time="0.000" /><testcase classname="tests.test_v4_latent" name="test_frontier_cap_records_raw_evidence_without_truncation_certificate" time="0.000" /><testcase classname="tests.test_v4_latent" name="test_expansion_replays_every_old_trace" time="0.000" /><testcase classname="tests.test_v4_latent" name="test_identical_current_outputs_do_not_justify_hidden_state_merge" time="0.000" /><testcase classname="tests.test_v4_latent" name="test_wrong_state_bound_can_certify_wrongly_before_contradiction" time="0.000" /><testcase classname="tests.test_v4_latent" name="test_integrated_own_feedback_retention_and_budget[0]" time="0.007" /><testcase classname="tests.test_v4_latent" name="test_integrated_own_feedback_retention_and_budget[1]" time="0.010" /><testcase classname="tests.test_v4_latent" name="test_integrated_own_feedback_retention_and_budget[2]" time="0.010" /><testcase classname="tests.test_v4_latent" name="test_integrated_own_feedback_retention_and_budget[3]" time="0.006" /><testcase classname="tests.test_v4_latent" name="test_integrated_own_feedback_retention_and_budget[4]" time="0.032" /><testcase classname="tests.test_v4_latent" name="test_integrated_own_feedback_retention_and_budget[5]" time="0.010" /><testcase classname="tests.test_v4_latent" name="test_integrated_own_feedback_retention_and_budget[6]" time="0.007" /><testcase classname="tests.test_v4_latent" name="test_integrated_own_feedback_retention_and_budget[7]" time="0.007" /><testcase classname="tests.test_v4_latent" name="test_integrated_own_feedback_retention_and_budget[8]" time="0.007" /><testcase classname="tests.test_v4_latent" name="test_integrated_own_feedback_retention_and_budget[9]" time="0.005" /><testcase classname="tests.test_v4_latent" name="test_feedback_tickets_and_expansion_invalidate_old_obligations" time="0.001" /><testcase classname="tests.test_v4_latent" name="test_proposer_gradient_finite_difference_and_one_chosen_label" time="0.000" /><testcase classname="tests.test_v4_latent" name="test_invalid_dimensions[bad0]" time="0.000" /><testcase classname="tests.test_v4_latent" name="test_invalid_dimensions[bad1]" time="0.000" /><testcase classname="tests.test_v4_latent" name="test_invalid_dimensions[bad2]" time="0.000" /><testcase classname="tests.test_v4_latent" name="test_possible_observation_traces_not_latent_label_counts[0]" time="0.003" /><testcase classname="tests.test_v4_latent" name="test_possible_observation_traces_not_latent_label_counts[1]" time="0.002" /><testcase classname="tests.test_v4_latent" name="test_possible_observation_traces_not_latent_label_counts[2]" time="0.003" /><testcase classname="tests.test_v4_latent" name="test_possible_observation_traces_not_latent_label_counts[3]" time="0.002" /><testcase classname="tests.test_v4_latent" name="test_possible_observation_traces_not_latent_label_counts[4]" time="0.003" /><testcase classname="tests.test_v4_latent" name="test_possible_observation_traces_not_latent_label_counts[5]" time="0.004" /><testcase classname="tests.test_v4_latent" name="test_possible_observation_traces_not_latent_label_counts[6]" time="0.003" /><testcase classname="tests.test_v4_latent" name="test_possible_observation_traces_not_latent_label_counts[7]" time="0.002" /><testcase classname="tests.test_v4_latent" name="test_outcome_search_exhaustion_has_no_usable_count" time="0.000" /><testcase classname="tests.test_v4_latent" name="test_residual_ids_exactly_match_structural_suffixes[0]" time="0.000" /><testcase classname="tests.test_v4_latent" name="test_residual_ids_exactly_match_structural_suffixes[1]" time="0.001" /><testcase classname="tests.test_v4_latent" name="test_residual_ids_exactly_match_structural_suffixes[2]" time="0.001" /><testcase classname="tests.test_v4_latent" name="test_residual_ids_exactly_match_structural_suffixes[3]" time="0.000" /><testcase classname="tests.test_v4_latent" name="test_residual_ids_exactly_match_structural_suffixes[4]" time="0.000" /><testcase classname="tests.test_v4_latent" name="test_residual_ids_exactly_match_structural_suffixes[5]" time="0.000" /><testcase classname="tests.test_v4_latent" name="test_residual_ids_exactly_match_structural_suffixes[6]" time="0.000" /><testcase classname="tests.test_v4_latent" name="test_residual_ids_exactly_match_structural_suffixes[7]" time="0.000" /><testcase classname="tests.test_v4_latent" name="test_residual_ids_exactly_match_structural_suffixes[8]" time="0.001" /><testcase classname="tests.test_v4_latent" name="test_residual_ids_exactly_match_structural_suffixes[9]" time="0.001" /><testcase classname="tests.test_v4_proposals" name="test_valid_untrusted_proposals[{&quot;word&quot;:[0,1]}]" time="0.000" /><testcase classname="tests.test_v4_proposals" name="test_valid_untrusted_proposals[{&quot;levels&quot;:[[0],[1,0]]}]" time="0.000" /><testcase classname="tests.test_v4_proposals" name="test_reject_untrusted_programs[{&quot;word&quot;:[0,1],&quot;certified&quot;:true}]" time="0.000" /><testcase classname="tests.test_v4_proposals" name="test_reject_untrusted_programs[{&quot;word&quot;:[true,1]}]" time="0.000" /><testcase classname="tests.test_v4_proposals" name="test_reject_untrusted_programs[{&quot;word&quot;:[0,2]}]" time="0.000" /><testcase classname="tests.test_v4_proposals" name="test_reject_untrusted_programs[{&quot;word&quot;:[0,-1]}]" time="0.000" /><testcase classname="tests.test_v4_proposals" name="test_reject_untrusted_programs[{&quot;word&quot;:[0]}]" time="0.000" /><testcase classname="tests.test_v4_proposals" name="test_reject_untrusted_programs[{&quot;word&quot;:[0,1],&quot;word&quot;:[1,0]}]" time="0.000" /><testcase classname="tests.test_v4_proposals" name="test_reject_untrusted_programs[{&quot;levels&quot;:[[0],[1]]}]" time="0.000" /><testcase classname="tests.test_v4_proposals" name="test_reject_untrusted_programs[[0,1]]" time="0.001" /><testcase classname="tests.test_v4_proposals" name="test_reject_untrusted_programs[__import__(&quot;os&quot;).system(&quot;anything&quot;)]" time="0.000" /><testcase classname="tests.test_v4_proposals" name="test_reject_untrusted_programs[{&quot;code&quot;:&quot;return 0&quot;}]" time="0.001" /><testcase classname="tests.test_v4_proposals" name="test_reject_untrusted_programs[{&quot;word&quot;:[0,1],&quot;levels&quot;:[[0],[0,0]]}]" time="0.000" /><testcase classname="tests.test_v4_proposals" name="test_reject_untrusted_programs[{&quot;word&quot;:[0.0,1]}]" time="0.000" /><testcase classname="tests.test_v4_proposals" name="test_new_program_preserves_incumbent_ids_scores_and_evidence" time="0.001" /><testcase classname="tests.test_v4_proposals" name="test_contradictory_feedback_forces_anchor_not_latest_patch" time="0.000" /><testcase classname="tests.test_v5_complementarity" name="test_complementary_free_probes_remain_a_failure_for_both_selectors[DecisionDirectedAgent]" time="0.002" /><testcase classname="tests.test_v5_complementarity" name="test_complementary_free_probes_remain_a_failure_for_both_selectors[WeakDominanceClosureAgent]" time="0.002" /><testcase classname="tests.test_v5_decision" name="test_regret_matches_independent_scalar_definition_and_duplicate_invariance" time="0.001" /><testcase classname="tests.test_v5_decision" name="test_regret_arithmetic_does_not_overflow_int64" time="0.000" /><testcase classname="tests.test_v5_decision" name="test_probe_can_distinguish_worlds_without_resolving_decisions" time="0.000" /><testcase classname="tests.test_v5_decision" name="test_exact_quotient_and_each_outcome_regret_contraction[0]" time="0.011" /><testcase classname="tests.test_v5_decision" name="test_exact_quotient_and_each_outcome_regret_contraction[1]" time="0.010" /><testcase classname="tests.test_v5_decision" name="test_exact_quotient_and_each_outcome_regret_contraction[2]" time="0.010" /><testcase classname="tests.test_v5_decision" name="test_exact_quotient_and_each_outcome_regret_contraction[3]" time="0.013" /><testcase classname="tests.test_v5_decision" name="test_exact_quotient_and_each_outcome_regret_contraction[4]" time="0.012" /><testcase classname="tests.test_v5_decision" name="test_exact_quotient_and_each_outcome_regret_contraction[5]" time="0.013" /><testcase classname="tests.test_v5_decision" name="test_exact_quotient_and_each_outcome_regret_contraction[6]" time="0.012" /><testcase classname="tests.test_v5_decision" name="test_exact_quotient_and_each_outcome_regret_contraction[7]" time="0.010" /><testcase classname="tests.test_v5_decision" name="test_cap_unknown_has_no_profile_and_no_unpriced_probe" time="0.002" /><testcase classname="tests.test_v5_decision" name="test_integrated_prefix_budget_retention_and_only_executed_feedback[0]" time="0.018" /><testcase classname="tests.test_v5_decision" name="test_integrated_prefix_budget_retention_and_only_executed_feedback[1]" time="0.014" /><testcase classname="tests.test_v5_decision" name="test_integrated_prefix_budget_retention_and_only_executed_feedback[2]" time="0.017" /><testcase classname="tests.test_v5_decision" name="test_integrated_prefix_budget_retention_and_only_executed_feedback[3]" time="0.016" /><testcase classname="tests.test_v5_decision" name="test_integrated_prefix_budget_retention_and_only_executed_feedback[4]" time="0.016" /><testcase classname="tests.test_v5_decision" name="test_integrated_prefix_budget_retention_and_only_executed_feedback[5]" time="0.013" /><testcase classname="tests.test_v5_decision" name="test_integrated_prefix_budget_retention_and_only_executed_feedback[6]" time="0.019" /><testcase classname="tests.test_v5_decision" name="test_integrated_prefix_budget_retention_and_only_executed_feedback[7]" time="0.017" /><testcase classname="tests.test_v5_decision" name="test_integrated_prefix_budget_retention_and_only_executed_feedback[8]" time="0.015" /><testcase classname="tests.test_v5_decision" name="test_integrated_prefix_budget_retention_and_only_executed_feedback[9]" time="0.013" /><testcase classname="tests.test_v5_decision" name="test_integrated_prefix_budget_retention_and_only_executed_feedback[10]" time="0.017" /><testcase classname="tests.test_v5_decision" name="test_integrated_prefix_budget_retention_and_only_executed_feedback[11]" time="0.023" /><testcase classname="tests.test_v5_decision" name="test_profile_cache_invalidated_by_evidence_and_registration" time="0.000" /><testcase classname="tests.test_v5_successor" name="test_zero_regret_does_not_mean_current_incumbent_is_optimal" time="0.001" /><testcase classname="tests.test_v5_successor" name="test_successor_budget_and_incumbent_retention_on_all_two_state_tables" time="4.139" /></testsuite></testsuites>